[2016-05-17 01:41:08] local.ERROR: exception 'RuntimeException' with message 'OpenSSL extension is required.' in D:\WWW\htdocs\laravel-v5.0.22\vendor\laravel\framework\src\Illuminate\Support\Str.php:218
Stack trace:
#0 D:\WWW\htdocs\laravel-v5.0.22\vendor\laravel\framework\src\Illuminate\Support\helpers.php(668): Illuminate\Support\Str::random(25)
#1 D:\WWW\htdocs\laravel-v5.0.22\vendor\laravel\framework\src\Illuminate\Session\Store.php(192): str_random(25)
#2 D:\WWW\htdocs\laravel-v5.0.22\vendor\laravel\framework\src\Illuminate\Session\Store.php(168): Illuminate\Session\Store->generateSessionId()
#3 D:\WWW\htdocs\laravel-v5.0.22\vendor\laravel\framework\src\Illuminate\Session\Store.php(77): Illuminate\Session\Store->setId(NULL)
#4 D:\WWW\htdocs\laravel-v5.0.22\vendor\laravel\framework\src\Illuminate\Session\SessionManager.php(173): Illuminate\Session\Store->__construct('laravel_session', Object(Illuminate\Session\FileSessionHandler))
#5 D:\WWW\htdocs\laravel-v5.0.22\vendor\laravel\framework\src\Illuminate\Session\SessionManager.php(60): Illuminate\Session\SessionManager->buildSession(Object(Illuminate\Session\FileSessionHandler))
#6 D:\WWW\htdocs\laravel-v5.0.22\vendor\laravel\framework\src\Illuminate\Session\SessionManager.php(48): Illuminate\Session\SessionManager->createNativeDriver()
#7 D:\WWW\htdocs\laravel-v5.0.22\vendor\laravel\framework\src\Illuminate\Support\Manager.php(89): Illuminate\Session\SessionManager->createFileDriver()
#8 D:\WWW\htdocs\laravel-v5.0.22\vendor\laravel\framework\src\Illuminate\Support\Manager.php(62): Illuminate\Support\Manager->createDriver('file')
#9 D:\WWW\htdocs\laravel-v5.0.22\vendor\laravel\framework\src\Illuminate\Session\Middleware\StartSession.php(116): Illuminate\Support\Manager->driver()
#10 D:\WWW\htdocs\laravel-v5.0.22\vendor\laravel\framework\src\Illuminate\Session\Middleware\StartSession.php(101): Illuminate\Session\Middleware\StartSession->getSession(Object(Illuminate\Http\Request))
#11 D:\WWW\htdocs\laravel-v5.0.22\vendor\laravel\framework\src\Illuminate\Session\Middleware\StartSession.php(56): Illuminate\Session\Middleware\StartSession->startSession(Object(Illuminate\Http\Request))
#12 D:\WWW\htdocs\laravel-v5.0.22\vendor\laravel\framework\src\Illuminate\Pipeline\Pipeline.php(125): Illuminate\Session\Middleware\StartSession->handle(Object(Illuminate\Http\Request), Object(Closure))
#13 D:\WWW\htdocs\laravel-v5.0.22\vendor\laravel\framework\src\Illuminate\Cookie\Middleware\AddQueuedCookiesToResponse.php(36): Illuminate\Pipeline\Pipeline->Illuminate\Pipeline\{closure}(Object(Illuminate\Http\Request))
#14 D:\WWW\htdocs\laravel-v5.0.22\vendor\laravel\framework\src\Illuminate\Pipeline\Pipeline.php(125): Illuminate\Cookie\Middleware\AddQueuedCookiesToResponse->handle(Object(Illuminate\Http\Request), Object(Closure))
#15 D:\WWW\htdocs\laravel-v5.0.22\vendor\laravel\framework\src\Illuminate\Cookie\Middleware\EncryptCookies.php(40): Illuminate\Pipeline\Pipeline->Illuminate\Pipeline\{closure}(Object(Illuminate\Http\Request))
#16 D:\WWW\htdocs\laravel-v5.0.22\vendor\laravel\framework\src\Illuminate\Pipeline\Pipeline.php(125): Illuminate\Cookie\Middleware\EncryptCookies->handle(Object(Illuminate\Http\Request), Object(Closure))
#17 D:\WWW\htdocs\laravel-v5.0.22\vendor\laravel\framework\src\Illuminate\Foundation\Http\Middleware\CheckForMaintenanceMode.php(42): Illuminate\Pipeline\Pipeline->Illuminate\Pipeline\{closure}(Object(Illuminate\Http\Request))
#18 D:\WWW\htdocs\laravel-v5.0.22\vendor\laravel\framework\src\Illuminate\Pipeline\Pipeline.php(125): Illuminate\Foundation\Http\Middleware\CheckForMaintenanceMode->handle(Object(Illuminate\Http\Request), Object(Closure))
#19 [internal function]: Illuminate\Pipeline\Pipeline->Illuminate\Pipeline\{closure}(Object(Illuminate\Http\Request))
#20 D:\WWW\htdocs\laravel-v5.0.22\vendor\laravel\framework\src\Illuminate\Pipeline\Pipeline.php(101): call_user_func(Object(Closure), Object(Illuminate\Http\Request))
#21 D:\WWW\htdocs\laravel-v5.0.22\vendor\laravel\framework\src\Illuminate\Foundation\Http\Kernel.php(111): Illuminate\Pipeline\Pipeline->then(Object(Closure))
#22 D:\WWW\htdocs\laravel-v5.0.22\vendor\laravel\framework\src\Illuminate\Foundation\Http\Kernel.php(84): Illuminate\Foundation\Http\Kernel->sendRequestThroughRouter(Object(Illuminate\Http\Request))
#23 D:\WWW\htdocs\laravel-v5.0.22\public\index.php(53): Illuminate\Foundation\Http\Kernel->handle(Object(Illuminate\Http\Request))
#24 {main}  
[2016-05-17 01:41:08] local.ERROR: exception 'RuntimeException' with message 'OpenSSL extension is required.' in D:\WWW\htdocs\laravel-v5.0.22\vendor\laravel\framework\src\Illuminate\Support\Str.php:218
Stack trace:
#0 D:\WWW\htdocs\laravel-v5.0.22\vendor\laravel\framework\src\Illuminate\Support\helpers.php(668): Illuminate\Support\Str::random(25)
#1 D:\WWW\htdocs\laravel-v5.0.22\vendor\laravel\framework\src\Illuminate\Session\Store.php(192): str_random(25)
#2 D:\WWW\htdocs\laravel-v5.0.22\vendor\laravel\framework\src\Illuminate\Session\Store.php(168): Illuminate\Session\Store->generateSessionId()
#3 D:\WWW\htdocs\laravel-v5.0.22\vendor\laravel\framework\src\Illuminate\Session\Store.php(77): Illuminate\Session\Store->setId(NULL)
#4 D:\WWW\htdocs\laravel-v5.0.22\vendor\laravel\framework\src\Illuminate\Session\SessionManager.php(173): Illuminate\Session\Store->__construct('laravel_session', Object(Illuminate\Session\FileSessionHandler))
#5 D:\WWW\htdocs\laravel-v5.0.22\vendor\laravel\framework\src\Illuminate\Session\SessionManager.php(60): Illuminate\Session\SessionManager->buildSession(Object(Illuminate\Session\FileSessionHandler))
#6 D:\WWW\htdocs\laravel-v5.0.22\vendor\laravel\framework\src\Illuminate\Session\SessionManager.php(48): Illuminate\Session\SessionManager->createNativeDriver()
#7 D:\WWW\htdocs\laravel-v5.0.22\vendor\laravel\framework\src\Illuminate\Support\Manager.php(89): Illuminate\Session\SessionManager->createFileDriver()
#8 D:\WWW\htdocs\laravel-v5.0.22\vendor\laravel\framework\src\Illuminate\Support\Manager.php(62): Illuminate\Support\Manager->createDriver('file')
#9 D:\WWW\htdocs\laravel-v5.0.22\vendor\laravel\framework\src\Illuminate\Session\Middleware\StartSession.php(245): Illuminate\Support\Manager->driver()
#10 D:\WWW\htdocs\laravel-v5.0.22\vendor\laravel\framework\src\Illuminate\Session\Middleware\StartSession.php(87): Illuminate\Session\Middleware\StartSession->usingCookieSessions()
#11 D:\WWW\htdocs\laravel-v5.0.22\vendor\laravel\framework\src\Illuminate\Foundation\Http\Kernel.php(131): Illuminate\Session\Middleware\StartSession->terminate(Object(Illuminate\Http\Request), Object(Symfony\Component\HttpFoundation\Response))
#12 D:\WWW\htdocs\laravel-v5.0.22\public\index.php(57): Illuminate\Foundation\Http\Kernel->terminate(Object(Illuminate\Http\Request), Object(Symfony\Component\HttpFoundation\Response))
#13 {main}  
[2016-05-17 02:03:43] local.ERROR: exception 'RuntimeException' with message 'OpenSSL extension is required.' in D:\WWW\htdocs\laravel-v5.0.22\vendor\laravel\framework\src\Illuminate\Support\Str.php:218
Stack trace:
#0 D:\WWW\htdocs\laravel-v5.0.22\vendor\laravel\framework\src\Illuminate\Support\helpers.php(668): Illuminate\Support\Str::random(25)
#1 D:\WWW\htdocs\laravel-v5.0.22\vendor\laravel\framework\src\Illuminate\Session\Store.php(192): str_random(25)
#2 D:\WWW\htdocs\laravel-v5.0.22\vendor\laravel\framework\src\Illuminate\Session\Store.php(168): Illuminate\Session\Store->generateSessionId()
#3 D:\WWW\htdocs\laravel-v5.0.22\vendor\laravel\framework\src\Illuminate\Session\Store.php(77): Illuminate\Session\Store->setId(NULL)
#4 D:\WWW\htdocs\laravel-v5.0.22\vendor\laravel\framework\src\Illuminate\Session\SessionManager.php(173): Illuminate\Session\Store->__construct('laravel_session', Object(Illuminate\Session\FileSessionHandler))
#5 D:\WWW\htdocs\laravel-v5.0.22\vendor\laravel\framework\src\Illuminate\Session\SessionManager.php(60): Illuminate\Session\SessionManager->buildSession(Object(Illuminate\Session\FileSessionHandler))
#6 D:\WWW\htdocs\laravel-v5.0.22\vendor\laravel\framework\src\Illuminate\Session\SessionManager.php(48): Illuminate\Session\SessionManager->createNativeDriver()
#7 D:\WWW\htdocs\laravel-v5.0.22\vendor\laravel\framework\src\Illuminate\Support\Manager.php(89): Illuminate\Session\SessionManager->createFileDriver()
#8 D:\WWW\htdocs\laravel-v5.0.22\vendor\laravel\framework\src\Illuminate\Support\Manager.php(62): Illuminate\Support\Manager->createDriver('file')
#9 D:\WWW\htdocs\laravel-v5.0.22\vendor\laravel\framework\src\Illuminate\Session\Middleware\StartSession.php(116): Illuminate\Support\Manager->driver()
#10 D:\WWW\htdocs\laravel-v5.0.22\vendor\laravel\framework\src\Illuminate\Session\Middleware\StartSession.php(101): Illuminate\Session\Middleware\StartSession->getSession(Object(Illuminate\Http\Request))
#11 D:\WWW\htdocs\laravel-v5.0.22\vendor\laravel\framework\src\Illuminate\Session\Middleware\StartSession.php(56): Illuminate\Session\Middleware\StartSession->startSession(Object(Illuminate\Http\Request))
#12 D:\WWW\htdocs\laravel-v5.0.22\vendor\laravel\framework\src\Illuminate\Pipeline\Pipeline.php(125): Illuminate\Session\Middleware\StartSession->handle(Object(Illuminate\Http\Request), Object(Closure))
#13 D:\WWW\htdocs\laravel-v5.0.22\vendor\laravel\framework\src\Illuminate\Cookie\Middleware\AddQueuedCookiesToResponse.php(36): Illuminate\Pipeline\Pipeline->Illuminate\Pipeline\{closure}(Object(Illuminate\Http\Request))
#14 D:\WWW\htdocs\laravel-v5.0.22\vendor\laravel\framework\src\Illuminate\Pipeline\Pipeline.php(125): Illuminate\Cookie\Middleware\AddQueuedCookiesToResponse->handle(Object(Illuminate\Http\Request), Object(Closure))
#15 D:\WWW\htdocs\laravel-v5.0.22\vendor\laravel\framework\src\Illuminate\Cookie\Middleware\EncryptCookies.php(40): Illuminate\Pipeline\Pipeline->Illuminate\Pipeline\{closure}(Object(Illuminate\Http\Request))
#16 D:\WWW\htdocs\laravel-v5.0.22\vendor\laravel\framework\src\Illuminate\Pipeline\Pipeline.php(125): Illuminate\Cookie\Middleware\EncryptCookies->handle(Object(Illuminate\Http\Request), Object(Closure))
#17 D:\WWW\htdocs\laravel-v5.0.22\vendor\laravel\framework\src\Illuminate\Foundation\Http\Middleware\CheckForMaintenanceMode.php(42): Illuminate\Pipeline\Pipeline->Illuminate\Pipeline\{closure}(Object(Illuminate\Http\Request))
#18 D:\WWW\htdocs\laravel-v5.0.22\vendor\laravel\framework\src\Illuminate\Pipeline\Pipeline.php(125): Illuminate\Foundation\Http\Middleware\CheckForMaintenanceMode->handle(Object(Illuminate\Http\Request), Object(Closure))
#19 [internal function]: Illuminate\Pipeline\Pipeline->Illuminate\Pipeline\{closure}(Object(Illuminate\Http\Request))
#20 D:\WWW\htdocs\laravel-v5.0.22\vendor\laravel\framework\src\Illuminate\Pipeline\Pipeline.php(101): call_user_func(Object(Closure), Object(Illuminate\Http\Request))
#21 D:\WWW\htdocs\laravel-v5.0.22\vendor\laravel\framework\src\Illuminate\Foundation\Http\Kernel.php(111): Illuminate\Pipeline\Pipeline->then(Object(Closure))
#22 D:\WWW\htdocs\laravel-v5.0.22\vendor\laravel\framework\src\Illuminate\Foundation\Http\Kernel.php(84): Illuminate\Foundation\Http\Kernel->sendRequestThroughRouter(Object(Illuminate\Http\Request))
#23 D:\WWW\htdocs\laravel-v5.0.22\public\index.php(53): Illuminate\Foundation\Http\Kernel->handle(Object(Illuminate\Http\Request))
#24 {main}  
[2016-05-17 02:03:43] local.ERROR: exception 'RuntimeException' with message 'OpenSSL extension is required.' in D:\WWW\htdocs\laravel-v5.0.22\vendor\laravel\framework\src\Illuminate\Support\Str.php:218
Stack trace:
#0 D:\WWW\htdocs\laravel-v5.0.22\vendor\laravel\framework\src\Illuminate\Support\helpers.php(668): Illuminate\Support\Str::random(25)
#1 D:\WWW\htdocs\laravel-v5.0.22\vendor\laravel\framework\src\Illuminate\Session\Store.php(192): str_random(25)
#2 D:\WWW\htdocs\laravel-v5.0.22\vendor\laravel\framework\src\Illuminate\Session\Store.php(168): Illuminate\Session\Store->generateSessionId()
#3 D:\WWW\htdocs\laravel-v5.0.22\vendor\laravel\framework\src\Illuminate\Session\Store.php(77): Illuminate\Session\Store->setId(NULL)
#4 D:\WWW\htdocs\laravel-v5.0.22\vendor\laravel\framework\src\Illuminate\Session\SessionManager.php(173): Illuminate\Session\Store->__construct('laravel_session', Object(Illuminate\Session\FileSessionHandler))
#5 D:\WWW\htdocs\laravel-v5.0.22\vendor\laravel\framework\src\Illuminate\Session\SessionManager.php(60): Illuminate\Session\SessionManager->buildSession(Object(Illuminate\Session\FileSessionHandler))
#6 D:\WWW\htdocs\laravel-v5.0.22\vendor\laravel\framework\src\Illuminate\Session\SessionManager.php(48): Illuminate\Session\SessionManager->createNativeDriver()
#7 D:\WWW\htdocs\laravel-v5.0.22\vendor\laravel\framework\src\Illuminate\Support\Manager.php(89): Illuminate\Session\SessionManager->createFileDriver()
#8 D:\WWW\htdocs\laravel-v5.0.22\vendor\laravel\framework\src\Illuminate\Support\Manager.php(62): Illuminate\Support\Manager->createDriver('file')
#9 D:\WWW\htdocs\laravel-v5.0.22\vendor\laravel\framework\src\Illuminate\Session\Middleware\StartSession.php(245): Illuminate\Support\Manager->driver()
#10 D:\WWW\htdocs\laravel-v5.0.22\vendor\laravel\framework\src\Illuminate\Session\Middleware\StartSession.php(87): Illuminate\Session\Middleware\StartSession->usingCookieSessions()
#11 D:\WWW\htdocs\laravel-v5.0.22\vendor\laravel\framework\src\Illuminate\Foundation\Http\Kernel.php(131): Illuminate\Session\Middleware\StartSession->terminate(Object(Illuminate\Http\Request), Object(Symfony\Component\HttpFoundation\Response))
#12 D:\WWW\htdocs\laravel-v5.0.22\public\index.php(57): Illuminate\Foundation\Http\Kernel->terminate(Object(Illuminate\Http\Request), Object(Symfony\Component\HttpFoundation\Response))
#13 {main}  
[2016-05-17 02:30:02] local.ERROR: exception 'Illuminate\Session\TokenMismatchException' in D:\WWW\htdocs\laravel-v5.0.22\vendor\laravel\framework\src\Illuminate\Foundation\Http\Middleware\VerifyCsrfToken.php:46
Stack trace:
#0 D:\WWW\htdocs\laravel-v5.0.22\app\Http\Middleware\VerifyCsrfToken.php(17): Illuminate\Foundation\Http\Middleware\VerifyCsrfToken->handle(Object(Illuminate\Http\Request), Object(Closure))
#1 D:\WWW\htdocs\laravel-v5.0.22\vendor\laravel\framework\src\Illuminate\Pipeline\Pipeline.php(125): App\Http\Middleware\VerifyCsrfToken->handle(Object(Illuminate\Http\Request), Object(Closure))
#2 D:\WWW\htdocs\laravel-v5.0.22\vendor\laravel\framework\src\Illuminate\View\Middleware\ShareErrorsFromSession.php(55): Illuminate\Pipeline\Pipeline->Illuminate\Pipeline\{closure}(Object(Illuminate\Http\Request))
#3 D:\WWW\htdocs\laravel-v5.0.22\vendor\laravel\framework\src\Illuminate\Pipeline\Pipeline.php(125): Illuminate\View\Middleware\ShareErrorsFromSession->handle(Object(Illuminate\Http\Request), Object(Closure))
#4 D:\WWW\htdocs\laravel-v5.0.22\vendor\laravel\framework\src\Illuminate\Session\Middleware\StartSession.php(61): Illuminate\Pipeline\Pipeline->Illuminate\Pipeline\{closure}(Object(Illuminate\Http\Request))
#5 D:\WWW\htdocs\laravel-v5.0.22\vendor\laravel\framework\src\Illuminate\Pipeline\Pipeline.php(125): Illuminate\Session\Middleware\StartSession->handle(Object(Illuminate\Http\Request), Object(Closure))
#6 D:\WWW\htdocs\laravel-v5.0.22\vendor\laravel\framework\src\Illuminate\Cookie\Middleware\AddQueuedCookiesToResponse.php(36): Illuminate\Pipeline\Pipeline->Illuminate\Pipeline\{closure}(Object(Illuminate\Http\Request))
#7 D:\WWW\htdocs\laravel-v5.0.22\vendor\laravel\framework\src\Illuminate\Pipeline\Pipeline.php(125): Illuminate\Cookie\Middleware\AddQueuedCookiesToResponse->handle(Object(Illuminate\Http\Request), Object(Closure))
#8 D:\WWW\htdocs\laravel-v5.0.22\vendor\laravel\framework\src\Illuminate\Cookie\Middleware\EncryptCookies.php(40): Illuminate\Pipeline\Pipeline->Illuminate\Pipeline\{closure}(Object(Illuminate\Http\Request))
#9 D:\WWW\htdocs\laravel-v5.0.22\vendor\laravel\framework\src\Illuminate\Pipeline\Pipeline.php(125): Illuminate\Cookie\Middleware\EncryptCookies->handle(Object(Illuminate\Http\Request), Object(Closure))
#10 D:\WWW\htdocs\laravel-v5.0.22\vendor\laravel\framework\src\Illuminate\Foundation\Http\Middleware\CheckForMaintenanceMode.php(42): Illuminate\Pipeline\Pipeline->Illuminate\Pipeline\{closure}(Object(Illuminate\Http\Request))
#11 D:\WWW\htdocs\laravel-v5.0.22\vendor\laravel\framework\src\Illuminate\Pipeline\Pipeline.php(125): Illuminate\Foundation\Http\Middleware\CheckForMaintenanceMode->handle(Object(Illuminate\Http\Request), Object(Closure))
#12 [internal function]: Illuminate\Pipeline\Pipeline->Illuminate\Pipeline\{closure}(Object(Illuminate\Http\Request))
#13 D:\WWW\htdocs\laravel-v5.0.22\vendor\laravel\framework\src\Illuminate\Pipeline\Pipeline.php(101): call_user_func(Object(Closure), Object(Illuminate\Http\Request))
#14 D:\WWW\htdocs\laravel-v5.0.22\vendor\laravel\framework\src\Illuminate\Foundation\Http\Kernel.php(111): Illuminate\Pipeline\Pipeline->then(Object(Closure))
#15 D:\WWW\htdocs\laravel-v5.0.22\vendor\laravel\framework\src\Illuminate\Foundation\Http\Kernel.php(84): Illuminate\Foundation\Http\Kernel->sendRequestThroughRouter(Object(Illuminate\Http\Request))
#16 D:\WWW\htdocs\laravel-v5.0.22\public\index.php(53): Illuminate\Foundation\Http\Kernel->handle(Object(Illuminate\Http\Request))
#17 {main}  
[2016-05-17 02:36:49] local.ERROR: exception 'ReflectionException' with message 'Class App\Http\Controllers\IndexController does not exist' in D:\WWW\htdocs\laravel-v5.0.22\vendor\laravel\framework\src\Illuminate\Container\Container.php:776
Stack trace:
#0 D:\WWW\htdocs\laravel-v5.0.22\vendor\laravel\framework\src\Illuminate\Container\Container.php(776): ReflectionClass->__construct('App\\Http\\Contro...')
#1 D:\WWW\htdocs\laravel-v5.0.22\vendor\laravel\framework\src\Illuminate\Container\Container.php(656): Illuminate\Container\Container->build('App\\Http\\Contro...', Array)
#2 D:\WWW\htdocs\laravel-v5.0.22\vendor\laravel\framework\src\Illuminate\Foundation\Application.php(613): Illuminate\Container\Container->make('App\\Http\\Contro...', Array)
#3 D:\WWW\htdocs\laravel-v5.0.22\vendor\laravel\framework\src\Illuminate\Routing\ControllerDispatcher.php(83): Illuminate\Foundation\Application->make('App\\Http\\Contro...')
#4 D:\WWW\htdocs\laravel-v5.0.22\vendor\laravel\framework\src\Illuminate\Routing\ControllerDispatcher.php(54): Illuminate\Routing\ControllerDispatcher->makeController('App\\Http\\Contro...')
#5 D:\WWW\htdocs\laravel-v5.0.22\vendor\laravel\framework\src\Illuminate\Routing\Route.php(198): Illuminate\Routing\ControllerDispatcher->dispatch(Object(Illuminate\Routing\Route), Object(Illuminate\Http\Request), 'App\\Http\\Contro...', 'index')
#6 D:\WWW\htdocs\laravel-v5.0.22\vendor\laravel\framework\src\Illuminate\Routing\Route.php(131): Illuminate\Routing\Route->runWithCustomDispatcher(Object(Illuminate\Http\Request))
#7 D:\WWW\htdocs\laravel-v5.0.22\vendor\laravel\framework\src\Illuminate\Routing\Router.php(691): Illuminate\Routing\Route->run(Object(Illuminate\Http\Request))
#8 [internal function]: Illuminate\Routing\Router->Illuminate\Routing\{closure}(Object(Illuminate\Http\Request))
#9 D:\WWW\htdocs\laravel-v5.0.22\vendor\laravel\framework\src\Illuminate\Pipeline\Pipeline.php(141): call_user_func(Object(Closure), Object(Illuminate\Http\Request))
#10 [internal function]: Illuminate\Pipeline\Pipeline->Illuminate\Pipeline\{closure}(Object(Illuminate\Http\Request))
#11 D:\WWW\htdocs\laravel-v5.0.22\vendor\laravel\framework\src\Illuminate\Pipeline\Pipeline.php(101): call_user_func(Object(Closure), Object(Illuminate\Http\Request))
#12 D:\WWW\htdocs\laravel-v5.0.22\vendor\laravel\framework\src\Illuminate\Routing\Router.php(693): Illuminate\Pipeline\Pipeline->then(Object(Closure))
#13 D:\WWW\htdocs\laravel-v5.0.22\vendor\laravel\framework\src\Illuminate\Routing\Router.php(660): Illuminate\Routing\Router->runRouteWithinStack(Object(Illuminate\Routing\Route), Object(Illuminate\Http\Request))
#14 D:\WWW\htdocs\laravel-v5.0.22\vendor\laravel\framework\src\Illuminate\Routing\Router.php(618): Illuminate\Routing\Router->dispatchToRoute(Object(Illuminate\Http\Request))
#15 D:\WWW\htdocs\laravel-v5.0.22\vendor\laravel\framework\src\Illuminate\Foundation\Http\Kernel.php(210): Illuminate\Routing\Router->dispatch(Object(Illuminate\Http\Request))
#16 [internal function]: Illuminate\Foundation\Http\Kernel->Illuminate\Foundation\Http\{closure}(Object(Illuminate\Http\Request))
#17 D:\WWW\htdocs\laravel-v5.0.22\vendor\laravel\framework\src\Illuminate\Pipeline\Pipeline.php(141): call_user_func(Object(Closure), Object(Illuminate\Http\Request))
#18 D:\WWW\htdocs\laravel-v5.0.22\vendor\laravel\framework\src\Illuminate\Foundation\Http\Middleware\VerifyCsrfToken.php(43): Illuminate\Pipeline\Pipeline->Illuminate\Pipeline\{closure}(Object(Illuminate\Http\Request))
#19 D:\WWW\htdocs\laravel-v5.0.22\app\Http\Middleware\VerifyCsrfToken.php(17): Illuminate\Foundation\Http\Middleware\VerifyCsrfToken->handle(Object(Illuminate\Http\Request), Object(Closure))
#20 D:\WWW\htdocs\laravel-v5.0.22\vendor\laravel\framework\src\Illuminate\Pipeline\Pipeline.php(125): App\Http\Middleware\VerifyCsrfToken->handle(Object(Illuminate\Http\Request), Object(Closure))
#21 D:\WWW\htdocs\laravel-v5.0.22\vendor\laravel\framework\src\Illuminate\View\Middleware\ShareErrorsFromSession.php(55): Illuminate\Pipeline\Pipeline->Illuminate\Pipeline\{closure}(Object(Illuminate\Http\Request))
#22 D:\WWW\htdocs\laravel-v5.0.22\vendor\laravel\framework\src\Illuminate\Pipeline\Pipeline.php(125): Illuminate\View\Middleware\ShareErrorsFromSession->handle(Object(Illuminate\Http\Request), Object(Closure))
#23 D:\WWW\htdocs\laravel-v5.0.22\vendor\laravel\framework\src\Illuminate\Session\Middleware\StartSession.php(61): Illuminate\Pipeline\Pipeline->Illuminate\Pipeline\{closure}(Object(Illuminate\Http\Request))
#24 D:\WWW\htdocs\laravel-v5.0.22\vendor\laravel\framework\src\Illuminate\Pipeline\Pipeline.php(125): Illuminate\Session\Middleware\StartSession->handle(Object(Illuminate\Http\Request), Object(Closure))
#25 D:\WWW\htdocs\laravel-v5.0.22\vendor\laravel\framework\src\Illuminate\Cookie\Middleware\AddQueuedCookiesToResponse.php(36): Illuminate\Pipeline\Pipeline->Illuminate\Pipeline\{closure}(Object(Illuminate\Http\Request))
#26 D:\WWW\htdocs\laravel-v5.0.22\vendor\laravel\framework\src\Illuminate\Pipeline\Pipeline.php(125): Illuminate\Cookie\Middleware\AddQueuedCookiesToResponse->handle(Object(Illuminate\Http\Request), Object(Closure))
#27 D:\WWW\htdocs\laravel-v5.0.22\vendor\laravel\framework\src\Illuminate\Cookie\Middleware\EncryptCookies.php(40): Illuminate\Pipeline\Pipeline->Illuminate\Pipeline\{closure}(Object(Illuminate\Http\Request))
#28 D:\WWW\htdocs\laravel-v5.0.22\vendor\laravel\framework\src\Illuminate\Pipeline\Pipeline.php(125): Illuminate\Cookie\Middleware\EncryptCookies->handle(Object(Illuminate\Http\Request), Object(Closure))
#29 D:\WWW\htdocs\laravel-v5.0.22\vendor\laravel\framework\src\Illuminate\Foundation\Http\Middleware\CheckForMaintenanceMode.php(42): Illuminate\Pipeline\Pipeline->Illuminate\Pipeline\{closure}(Object(Illuminate\Http\Request))
#30 D:\WWW\htdocs\laravel-v5.0.22\vendor\laravel\framework\src\Illuminate\Pipeline\Pipeline.php(125): Illuminate\Foundation\Http\Middleware\CheckForMaintenanceMode->handle(Object(Illuminate\Http\Request), Object(Closure))
#31 [internal function]: Illuminate\Pipeline\Pipeline->Illuminate\Pipeline\{closure}(Object(Illuminate\Http\Request))
#32 D:\WWW\htdocs\laravel-v5.0.22\vendor\laravel\framework\src\Illuminate\Pipeline\Pipeline.php(101): call_user_func(Object(Closure), Object(Illuminate\Http\Request))
#33 D:\WWW\htdocs\laravel-v5.0.22\vendor\laravel\framework\src\Illuminate\Foundation\Http\Kernel.php(111): Illuminate\Pipeline\Pipeline->then(Object(Closure))
#34 D:\WWW\htdocs\laravel-v5.0.22\vendor\laravel\framework\src\Illuminate\Foundation\Http\Kernel.php(84): Illuminate\Foundation\Http\Kernel->sendRequestThroughRouter(Object(Illuminate\Http\Request))
#35 D:\WWW\htdocs\laravel-v5.0.22\public\index.php(53): Illuminate\Foundation\Http\Kernel->handle(Object(Illuminate\Http\Request))
#36 {main}  
