2016-05-17 20:24:55 [::1][-][-][error][yii\base\ErrorException:4] exception 'yii\base\ErrorException' with message 'syntax error, unexpected end of file' in F:\WWW\htdocs\PHP9\ninegroup\yii\backend\controllers\LoginController.php:18
Stack trace:
#0 [internal function]: yii\base\ErrorHandler->handleFatalError()
#1 {main}
2016-05-17 20:24:55 [::1][-][-][info][application] $_GET = [
    'r' => 'login/'
]

$_COOKIE = [
    'PHPSESSID' => 'shnbmmjses3lhtm6l2luu18kv3'
    '_csrf' => '023f67668c7017efc8f2aee061c0176df1e8f1d837098d1b567dc162fd57d266a:2:{i:0;s:5:\"_csrf\";i:1;s:32:\"Wg-QTy2TVypJNSfHNSIDRuPiPyf7Bw6A\";}'
    'CNZZDATA155540' => 'cnzz_eid=541948642-1463464367-&ntime=1463485972'
]

$_SERVER = [
    'PATH' => 'C:\\Program Files (x86)\\Intel\\iCLS Client\\;C:\\Program Files\\Intel\\iCLS Client\\;C:\\WINDOWS\\system32;C:\\WINDOWS;C:\\WINDOWS\\System32\\Wbem;C:\\WINDOWS\\System32\\WindowsPowerShell\\v1.0\\;C:\\Program Files\\Intel\\Intel(R) Management Engine Components\\DAL;C:\\Program Files (x86)\\Intel\\Intel(R) Management Engine Components\\DAL;C:\\Program Files\\Intel\\Intel(R) Management Engine Components\\IPT;C:\\Program Files (x86)\\Intel\\Intel(R) Management Engine Components\\IPT;C:\\Program Files (x86)\\ATI Technologies\\ATI.ACE\\Core-Static;C:\\Program Files (x86)\\Common Files\\lenovo\\easyplussdk\\bin;C:\\ProgramData\\Lenovo\\ReadyApps;E:\\TortoiseSVN\\bin;C:\\ProgramData\\ComposerSetup\\bin;E:\\tortoisegit\\bin;C:\\Users\\Star\\AppData\\Roaming\\Composer\\vendor\\bin\\php5.4n'
    'SYSTEMROOT' => 'C:\\WINDOWS'
    'COMSPEC' => 'C:\\WINDOWS\\system32\\cmd.exe'
    'PATHEXT' => '.COM;.EXE;.BAT;.CMD;.VBS;.VBE;.JS;.JSE;.WSF;.WSH;.MSC'
    'WINDIR' => 'C:\\WINDOWS'
    'PHP_FCGI_MAX_REQUESTS' => '1000'
    'PHPRC' => 'F:/phpStudy/php54n'
    '_FCGI_SHUTDOWN_EVENT_' => '2668'
    'SCRIPT_NAME' => '/htdocs/PHP9/ninegroup/yii/backend/web/index.php'
    'REQUEST_URI' => '/htdocs/PHP9/ninegroup/yii/backend/web/index.php?r=login/'
    'QUERY_STRING' => 'r=login/'
    'REQUEST_METHOD' => 'GET'
    'SERVER_PROTOCOL' => 'HTTP/1.1'
    'GATEWAY_INTERFACE' => 'CGI/1.1'
    'REMOTE_PORT' => '59177'
    'SCRIPT_FILENAME' => 'F:/WWW/htdocs/PHP9/ninegroup/yii/backend/web/index.php'
    'SERVER_ADMIN' => 'admin@phpStudy.net'
    'CONTEXT_DOCUMENT_ROOT' => 'F:/WWW'
    'CONTEXT_PREFIX' => ''
    'REQUEST_SCHEME' => 'http'
    'DOCUMENT_ROOT' => 'F:/WWW'
    'REMOTE_ADDR' => '::1'
    'SERVER_PORT' => '80'
    'SERVER_ADDR' => '::1'
    'SERVER_NAME' => 'localhost'
    'SERVER_SOFTWARE' => 'Apache/2.4.10 (Win32) OpenSSL/0.9.8zb mod_fcgid/2.3.9'
    'SERVER_SIGNATURE' => ''
    'SystemRoot' => 'C:\\WINDOWS'
    'HTTP_CONNECTION' => 'close'
    'HTTP_COOKIE' => 'PHPSESSID=shnbmmjses3lhtm6l2luu18kv3; _csrf=023f67668c7017efc8f2aee061c0176df1e8f1d837098d1b567dc162fd57d266a%3A2%3A%7Bi%3A0%3Bs%3A5%3A%22_csrf%22%3Bi%3A1%3Bs%3A32%3A%22Wg-QTy2TVypJNSfHNSIDRuPiPyf7Bw6A%22%3B%7D; CNZZDATA155540=cnzz_eid%3D541948642-1463464367-%26ntime%3D1463485972'
    'HTTP_ACCEPT_ENCODING' => 'gzip, deflate'
    'HTTP_ACCEPT_LANGUAGE' => 'zh-CN,zh;q=0.8,en-US;q=0.5,en;q=0.3'
    'HTTP_ACCEPT' => 'text/html,application/xhtml+xml,application/xml;q=0.9,*/*;q=0.8'
    'HTTP_USER_AGENT' => 'Mozilla/5.0 (Windows NT 6.3; WOW64; rv:46.0) Gecko/20100101 Firefox/46.0'
    'HTTP_HOST' => 'localhost'
    'FCGI_ROLE' => 'RESPONDER'
    'PHP_SELF' => '/htdocs/PHP9/ninegroup/yii/backend/web/index.php'
    'REQUEST_TIME_FLOAT' => 1463487895.685
    'REQUEST_TIME' => 1463487895
]
2016-05-18 08:02:07 [127.0.0.1][-][a31peakg7st4r42e7r4fj708t1][error][yii\web\HttpException:400] exception 'yii\web\BadRequestHttpException' with message 'Unable to verify your data submission.' in F:\WWW\htdocs\PHP9\ninegroup\yii\vendor\yiisoft\yii2\web\Controller.php:110
Stack trace:
#0 F:\WWW\htdocs\PHP9\ninegroup\yii\vendor\yiisoft\yii2\base\Controller.php(149): yii\web\Controller->beforeAction(Object(yii\base\InlineAction))
#1 F:\WWW\htdocs\PHP9\ninegroup\yii\vendor\yiisoft\yii2\base\Module.php(455): yii\base\Controller->runAction('info', Array)
#2 F:\WWW\htdocs\PHP9\ninegroup\yii\vendor\yiisoft\yii2\web\Application.php(84): yii\base\Module->runAction('login/info', Array)
#3 F:\WWW\htdocs\PHP9\ninegroup\yii\vendor\yiisoft\yii2\base\Application.php(375): yii\web\Application->handleRequest(Object(yii\web\Request))
#4 F:\WWW\htdocs\PHP9\ninegroup\yii\backend\web\index.php(18): yii\base\Application->run()
#5 {main}
2016-05-18 08:02:07 [127.0.0.1][-][a31peakg7st4r42e7r4fj708t1][info][application] $_GET = [
    'r' => 'login/info'
]

$_POST = [
    'name' => '张三'
    'pwd' => '123'
]

$_COOKIE = [
    'PHPSESSID' => 'a31peakg7st4r42e7r4fj708t1'
    '_csrf' => 'ca208d2c096ff3b1e1ee9e41a220909661dffd598fa74a1565c944e92bd91397a:2:{i:0;s:5:\"_csrf\";i:1;s:32:\"PcqpejGmV6kJWfUUvTsJkquDjVwBr2rp\";}'
    'CNZZDATA155540' => 'cnzz_eid=1089649474-1463524025-&ntime=1463529202'
]

$_SESSION = [
    '__flash' => []
]

$_SERVER = [
    'PATH' => 'C:\\Program Files (x86)\\Intel\\iCLS Client\\;C:\\Program Files\\Intel\\iCLS Client\\;C:\\WINDOWS\\system32;C:\\WINDOWS;C:\\WINDOWS\\System32\\Wbem;C:\\WINDOWS\\System32\\WindowsPowerShell\\v1.0\\;C:\\Program Files\\Intel\\Intel(R) Management Engine Components\\DAL;C:\\Program Files (x86)\\Intel\\Intel(R) Management Engine Components\\DAL;C:\\Program Files\\Intel\\Intel(R) Management Engine Components\\IPT;C:\\Program Files (x86)\\Intel\\Intel(R) Management Engine Components\\IPT;C:\\Program Files (x86)\\ATI Technologies\\ATI.ACE\\Core-Static;C:\\Program Files (x86)\\Common Files\\lenovo\\easyplussdk\\bin;C:\\ProgramData\\Lenovo\\ReadyApps;E:\\TortoiseSVN\\bin;C:\\ProgramData\\ComposerSetup\\bin;E:\\tortoisegit\\bin;C:\\Users\\Star\\AppData\\Roaming\\Composer\\vendor\\bin\\php5.4n'
    'SYSTEMROOT' => 'C:\\WINDOWS'
    'COMSPEC' => 'C:\\WINDOWS\\system32\\cmd.exe'
    'PATHEXT' => '.COM;.EXE;.BAT;.CMD;.VBS;.VBE;.JS;.JSE;.WSF;.WSH;.MSC'
    'WINDIR' => 'C:\\WINDOWS'
    'PHP_FCGI_MAX_REQUESTS' => '1000'
    'PHPRC' => 'F:/phpStudy/php54n'
    '_FCGI_SHUTDOWN_EVENT_' => '532'
    'SCRIPT_NAME' => '/htdocs/PHP9/ninegroup/yii/backend/web/index.php'
    'REQUEST_URI' => '/htdocs/PHP9/ninegroup/yii/backend/web/index.php?r=login/info'
    'QUERY_STRING' => 'r=login/info'
    'REQUEST_METHOD' => 'POST'
    'SERVER_PROTOCOL' => 'HTTP/1.1'
    'GATEWAY_INTERFACE' => 'CGI/1.1'
    'REMOTE_PORT' => '62972'
    'SCRIPT_FILENAME' => 'F:/WWW/htdocs/PHP9/ninegroup/yii/backend/web/index.php'
    'SERVER_ADMIN' => 'admin@phpStudy.net'
    'CONTEXT_DOCUMENT_ROOT' => 'F:/WWW'
    'CONTEXT_PREFIX' => ''
    'REQUEST_SCHEME' => 'http'
    'DOCUMENT_ROOT' => 'F:/WWW'
    'REMOTE_ADDR' => '127.0.0.1'
    'SERVER_PORT' => '80'
    'SERVER_ADDR' => '127.0.0.1'
    'SERVER_NAME' => 'www.ljh.com'
    'SERVER_SOFTWARE' => 'Apache/2.4.10 (Win32) OpenSSL/0.9.8zb mod_fcgid/2.3.9'
    'SERVER_SIGNATURE' => ''
    'SystemRoot' => 'C:\\WINDOWS'
    'CONTENT_LENGTH' => '31'
    'CONTENT_TYPE' => 'application/x-www-form-urlencoded'
    'HTTP_CONNECTION' => 'close'
    'HTTP_COOKIE' => 'PHPSESSID=a31peakg7st4r42e7r4fj708t1; _csrf=ca208d2c096ff3b1e1ee9e41a220909661dffd598fa74a1565c944e92bd91397a%3A2%3A%7Bi%3A0%3Bs%3A5%3A%22_csrf%22%3Bi%3A1%3Bs%3A32%3A%22PcqpejGmV6kJWfUUvTsJkquDjVwBr2rp%22%3B%7D; CNZZDATA155540=cnzz_eid%3D1089649474-1463524025-%26ntime%3D1463529202'
    'HTTP_REFERER' => 'http://www.ljh.com/htdocs/PHP9/ninegroup/yii/backend/web/index.php?r=login'
    'HTTP_ACCEPT_ENCODING' => 'gzip, deflate'
    'HTTP_ACCEPT_LANGUAGE' => 'zh-CN,zh;q=0.8,en-US;q=0.5,en;q=0.3'
    'HTTP_ACCEPT' => 'text/html,application/xhtml+xml,application/xml;q=0.9,*/*;q=0.8'
    'HTTP_USER_AGENT' => 'Mozilla/5.0 (Windows NT 6.3; WOW64; rv:46.0) Gecko/20100101 Firefox/46.0'
    'HTTP_HOST' => 'www.ljh.com'
    'FCGI_ROLE' => 'RESPONDER'
    'PHP_SELF' => '/htdocs/PHP9/ninegroup/yii/backend/web/index.php'
    'REQUEST_TIME_FLOAT' => 1463529727.1795
    'REQUEST_TIME' => 1463529727
]
2016-05-18 08:02:07 [127.0.0.1][-][a31peakg7st4r42e7r4fj708t1][warning][yii\log\Dispatcher::dispatch] Unable to send log via yii\debug\LogTarget: Exception 'Exception' with message 'Serialization of 'Closure' is not allowed' 

in F:\WWW\htdocs\PHP9\ninegroup\yii\vendor\yiisoft\yii2-debug\LogTarget.php:58

Stack trace:
#0 F:\WWW\htdocs\PHP9\ninegroup\yii\vendor\yiisoft\yii2-debug\LogTarget.php(58): serialize(Array)
#1 F:\WWW\htdocs\PHP9\ninegroup\yii\vendor\yiisoft\yii2-debug\LogTarget.php(112): yii\debug\LogTarget->export(Array)
#2 F:\WWW\htdocs\PHP9\ninegroup\yii\vendor\yiisoft\yii2\log\Dispatcher.php(183): yii\debug\LogTarget->collect(Array, true)
#3 F:\WWW\htdocs\PHP9\ninegroup\yii\vendor\yiisoft\yii2\log\Logger.php(173): yii\log\Dispatcher->dispatch(Array, true)
#4 F:\WWW\htdocs\PHP9\ninegroup\yii\vendor\yiisoft\yii2\base\ErrorHandler.php(111): yii\log\Logger->flush(true)
#5 [internal function]: yii\base\ErrorHandler->handleException(Object(yii\web\BadRequestHttpException))
#6 {main}
2016-05-18 08:02:07 [127.0.0.1][-][a31peakg7st4r42e7r4fj708t1][info][application] $_GET = [
    'r' => 'login/info'
]

$_POST = [
    'name' => '张三'
    'pwd' => '123'
]

$_COOKIE = [
    'PHPSESSID' => 'a31peakg7st4r42e7r4fj708t1'
    '_csrf' => 'ca208d2c096ff3b1e1ee9e41a220909661dffd598fa74a1565c944e92bd91397a:2:{i:0;s:5:\"_csrf\";i:1;s:32:\"PcqpejGmV6kJWfUUvTsJkquDjVwBr2rp\";}'
    'CNZZDATA155540' => 'cnzz_eid=1089649474-1463524025-&ntime=1463529202'
]

$_SESSION = [
    '__flash' => []
]

$_SERVER = [
    'PATH' => 'C:\\Program Files (x86)\\Intel\\iCLS Client\\;C:\\Program Files\\Intel\\iCLS Client\\;C:\\WINDOWS\\system32;C:\\WINDOWS;C:\\WINDOWS\\System32\\Wbem;C:\\WINDOWS\\System32\\WindowsPowerShell\\v1.0\\;C:\\Program Files\\Intel\\Intel(R) Management Engine Components\\DAL;C:\\Program Files (x86)\\Intel\\Intel(R) Management Engine Components\\DAL;C:\\Program Files\\Intel\\Intel(R) Management Engine Components\\IPT;C:\\Program Files (x86)\\Intel\\Intel(R) Management Engine Components\\IPT;C:\\Program Files (x86)\\ATI Technologies\\ATI.ACE\\Core-Static;C:\\Program Files (x86)\\Common Files\\lenovo\\easyplussdk\\bin;C:\\ProgramData\\Lenovo\\ReadyApps;E:\\TortoiseSVN\\bin;C:\\ProgramData\\ComposerSetup\\bin;E:\\tortoisegit\\bin;C:\\Users\\Star\\AppData\\Roaming\\Composer\\vendor\\bin\\php5.4n'
    'SYSTEMROOT' => 'C:\\WINDOWS'
    'COMSPEC' => 'C:\\WINDOWS\\system32\\cmd.exe'
    'PATHEXT' => '.COM;.EXE;.BAT;.CMD;.VBS;.VBE;.JS;.JSE;.WSF;.WSH;.MSC'
    'WINDIR' => 'C:\\WINDOWS'
    'PHP_FCGI_MAX_REQUESTS' => '1000'
    'PHPRC' => 'F:/phpStudy/php54n'
    '_FCGI_SHUTDOWN_EVENT_' => '532'
    'SCRIPT_NAME' => '/htdocs/PHP9/ninegroup/yii/backend/web/index.php'
    'REQUEST_URI' => '/htdocs/PHP9/ninegroup/yii/backend/web/index.php?r=login/info'
    'QUERY_STRING' => 'r=login/info'
    'REQUEST_METHOD' => 'POST'
    'SERVER_PROTOCOL' => 'HTTP/1.1'
    'GATEWAY_INTERFACE' => 'CGI/1.1'
    'REMOTE_PORT' => '62972'
    'SCRIPT_FILENAME' => 'F:/WWW/htdocs/PHP9/ninegroup/yii/backend/web/index.php'
    'SERVER_ADMIN' => 'admin@phpStudy.net'
    'CONTEXT_DOCUMENT_ROOT' => 'F:/WWW'
    'CONTEXT_PREFIX' => ''
    'REQUEST_SCHEME' => 'http'
    'DOCUMENT_ROOT' => 'F:/WWW'
    'REMOTE_ADDR' => '127.0.0.1'
    'SERVER_PORT' => '80'
    'SERVER_ADDR' => '127.0.0.1'
    'SERVER_NAME' => 'www.ljh.com'
    'SERVER_SOFTWARE' => 'Apache/2.4.10 (Win32) OpenSSL/0.9.8zb mod_fcgid/2.3.9'
    'SERVER_SIGNATURE' => ''
    'SystemRoot' => 'C:\\WINDOWS'
    'CONTENT_LENGTH' => '31'
    'CONTENT_TYPE' => 'application/x-www-form-urlencoded'
    'HTTP_CONNECTION' => 'close'
    'HTTP_COOKIE' => 'PHPSESSID=a31peakg7st4r42e7r4fj708t1; _csrf=ca208d2c096ff3b1e1ee9e41a220909661dffd598fa74a1565c944e92bd91397a%3A2%3A%7Bi%3A0%3Bs%3A5%3A%22_csrf%22%3Bi%3A1%3Bs%3A32%3A%22PcqpejGmV6kJWfUUvTsJkquDjVwBr2rp%22%3B%7D; CNZZDATA155540=cnzz_eid%3D1089649474-1463524025-%26ntime%3D1463529202'
    'HTTP_REFERER' => 'http://www.ljh.com/htdocs/PHP9/ninegroup/yii/backend/web/index.php?r=login'
    'HTTP_ACCEPT_ENCODING' => 'gzip, deflate'
    'HTTP_ACCEPT_LANGUAGE' => 'zh-CN,zh;q=0.8,en-US;q=0.5,en;q=0.3'
    'HTTP_ACCEPT' => 'text/html,application/xhtml+xml,application/xml;q=0.9,*/*;q=0.8'
    'HTTP_USER_AGENT' => 'Mozilla/5.0 (Windows NT 6.3; WOW64; rv:46.0) Gecko/20100101 Firefox/46.0'
    'HTTP_HOST' => 'www.ljh.com'
    'FCGI_ROLE' => 'RESPONDER'
    'PHP_SELF' => '/htdocs/PHP9/ninegroup/yii/backend/web/index.php'
    'REQUEST_TIME_FLOAT' => 1463529727.1795
    'REQUEST_TIME' => 1463529727
]
2016-05-18 08:03:13 [127.0.0.1][-][-][error][yii\base\ErrorException:8] exception 'yii\base\ErrorException' with message 'Undefined index: name' in F:\WWW\htdocs\PHP9\ninegroup\yii\backend\controllers\LoginController.php:14
Stack trace:
#0 F:\WWW\htdocs\PHP9\ninegroup\yii\backend\controllers\LoginController.php(14): yii\base\ErrorHandler->handleError(8, 'Undefined index...', 'F:\\WWW\\htdocs\\P...', 14, Array)
#1 [internal function]: backend\controllers\LoginController->actionInfo()
#2 F:\WWW\htdocs\PHP9\ninegroup\yii\vendor\yiisoft\yii2\base\InlineAction.php(55): call_user_func_array(Array, Array)
#3 F:\WWW\htdocs\PHP9\ninegroup\yii\vendor\yiisoft\yii2\base\Controller.php(151): yii\base\InlineAction->runWithParams(Array)
#4 F:\WWW\htdocs\PHP9\ninegroup\yii\vendor\yiisoft\yii2\base\Module.php(455): yii\base\Controller->runAction('info', Array)
#5 F:\WWW\htdocs\PHP9\ninegroup\yii\vendor\yiisoft\yii2\web\Application.php(84): yii\base\Module->runAction('login/info', Array)
#6 F:\WWW\htdocs\PHP9\ninegroup\yii\vendor\yiisoft\yii2\base\Application.php(375): yii\web\Application->handleRequest(Object(yii\web\Request))
#7 F:\WWW\htdocs\PHP9\ninegroup\yii\backend\web\index.php(18): yii\base\Application->run()
#8 {main}
2016-05-18 08:03:13 [127.0.0.1][-][-][info][application] $_GET = [
    'r' => 'login/info'
]

$_COOKIE = [
    'PHPSESSID' => 'a31peakg7st4r42e7r4fj708t1'
    '_csrf' => 'ca208d2c096ff3b1e1ee9e41a220909661dffd598fa74a1565c944e92bd91397a:2:{i:0;s:5:\"_csrf\";i:1;s:32:\"PcqpejGmV6kJWfUUvTsJkquDjVwBr2rp\";}'
    'CNZZDATA155540' => 'cnzz_eid=1089649474-1463524025-&ntime=1463529202'
]

$_SERVER = [
    'PATH' => 'C:\\Program Files (x86)\\Intel\\iCLS Client\\;C:\\Program Files\\Intel\\iCLS Client\\;C:\\WINDOWS\\system32;C:\\WINDOWS;C:\\WINDOWS\\System32\\Wbem;C:\\WINDOWS\\System32\\WindowsPowerShell\\v1.0\\;C:\\Program Files\\Intel\\Intel(R) Management Engine Components\\DAL;C:\\Program Files (x86)\\Intel\\Intel(R) Management Engine Components\\DAL;C:\\Program Files\\Intel\\Intel(R) Management Engine Components\\IPT;C:\\Program Files (x86)\\Intel\\Intel(R) Management Engine Components\\IPT;C:\\Program Files (x86)\\ATI Technologies\\ATI.ACE\\Core-Static;C:\\Program Files (x86)\\Common Files\\lenovo\\easyplussdk\\bin;C:\\ProgramData\\Lenovo\\ReadyApps;E:\\TortoiseSVN\\bin;C:\\ProgramData\\ComposerSetup\\bin;E:\\tortoisegit\\bin;C:\\Users\\Star\\AppData\\Roaming\\Composer\\vendor\\bin\\php5.4n'
    'SYSTEMROOT' => 'C:\\WINDOWS'
    'COMSPEC' => 'C:\\WINDOWS\\system32\\cmd.exe'
    'PATHEXT' => '.COM;.EXE;.BAT;.CMD;.VBS;.VBE;.JS;.JSE;.WSF;.WSH;.MSC'
    'WINDIR' => 'C:\\WINDOWS'
    'PHP_FCGI_MAX_REQUESTS' => '1000'
    'PHPRC' => 'F:/phpStudy/php54n'
    '_FCGI_SHUTDOWN_EVENT_' => '532'
    'SCRIPT_NAME' => '/htdocs/PHP9/ninegroup/yii/backend/web/index.php'
    'REQUEST_URI' => '/htdocs/PHP9/ninegroup/yii/backend/web/index.php?r=login/info'
    'QUERY_STRING' => 'r=login/info'
    'REQUEST_METHOD' => 'GET'
    'SERVER_PROTOCOL' => 'HTTP/1.1'
    'GATEWAY_INTERFACE' => 'CGI/1.1'
    'REMOTE_PORT' => '63069'
    'SCRIPT_FILENAME' => 'F:/WWW/htdocs/PHP9/ninegroup/yii/backend/web/index.php'
    'SERVER_ADMIN' => 'admin@phpStudy.net'
    'CONTEXT_DOCUMENT_ROOT' => 'F:/WWW'
    'CONTEXT_PREFIX' => ''
    'REQUEST_SCHEME' => 'http'
    'DOCUMENT_ROOT' => 'F:/WWW'
    'REMOTE_ADDR' => '127.0.0.1'
    'SERVER_PORT' => '80'
    'SERVER_ADDR' => '127.0.0.1'
    'SERVER_NAME' => 'www.ljh.com'
    'SERVER_SOFTWARE' => 'Apache/2.4.10 (Win32) OpenSSL/0.9.8zb mod_fcgid/2.3.9'
    'SERVER_SIGNATURE' => ''
    'SystemRoot' => 'C:\\WINDOWS'
    'HTTP_CONNECTION' => 'close'
    'HTTP_COOKIE' => 'PHPSESSID=a31peakg7st4r42e7r4fj708t1; _csrf=ca208d2c096ff3b1e1ee9e41a220909661dffd598fa74a1565c944e92bd91397a%3A2%3A%7Bi%3A0%3Bs%3A5%3A%22_csrf%22%3Bi%3A1%3Bs%3A32%3A%22PcqpejGmV6kJWfUUvTsJkquDjVwBr2rp%22%3B%7D; CNZZDATA155540=cnzz_eid%3D1089649474-1463524025-%26ntime%3D1463529202'
    'HTTP_ACCEPT_ENCODING' => 'gzip, deflate'
    'HTTP_ACCEPT_LANGUAGE' => 'zh-CN,zh;q=0.8,en-US;q=0.5,en;q=0.3'
    'HTTP_ACCEPT' => 'text/html,application/xhtml+xml,application/xml;q=0.9,*/*;q=0.8'
    'HTTP_USER_AGENT' => 'Mozilla/5.0 (Windows NT 6.3; WOW64; rv:46.0) Gecko/20100101 Firefox/46.0'
    'HTTP_HOST' => 'www.ljh.com'
    'FCGI_ROLE' => 'RESPONDER'
    'PHP_SELF' => '/htdocs/PHP9/ninegroup/yii/backend/web/index.php'
    'REQUEST_TIME_FLOAT' => 1463529793.3125
    'REQUEST_TIME' => 1463529793
]
2016-05-18 08:03:13 [127.0.0.1][-][-][warning][yii\log\Dispatcher::dispatch] Unable to send log via yii\debug\LogTarget: Exception 'Exception' with message 'Serialization of 'Closure' is not allowed' 

in F:\WWW\htdocs\PHP9\ninegroup\yii\vendor\yiisoft\yii2-debug\LogTarget.php:58

Stack trace:
#0 F:\WWW\htdocs\PHP9\ninegroup\yii\vendor\yiisoft\yii2-debug\LogTarget.php(58): serialize(Array)
#1 F:\WWW\htdocs\PHP9\ninegroup\yii\vendor\yiisoft\yii2-debug\LogTarget.php(112): yii\debug\LogTarget->export(Array)
#2 F:\WWW\htdocs\PHP9\ninegroup\yii\vendor\yiisoft\yii2\log\Dispatcher.php(183): yii\debug\LogTarget->collect(Array, true)
#3 F:\WWW\htdocs\PHP9\ninegroup\yii\vendor\yiisoft\yii2\log\Logger.php(173): yii\log\Dispatcher->dispatch(Array, true)
#4 F:\WWW\htdocs\PHP9\ninegroup\yii\vendor\yiisoft\yii2\base\ErrorHandler.php(111): yii\log\Logger->flush(true)
#5 [internal function]: yii\base\ErrorHandler->handleException(Object(yii\base\ErrorException))
#6 {main}
2016-05-18 08:03:13 [127.0.0.1][-][-][info][application] $_GET = [
    'r' => 'login/info'
]

$_COOKIE = [
    'PHPSESSID' => 'a31peakg7st4r42e7r4fj708t1'
    '_csrf' => 'ca208d2c096ff3b1e1ee9e41a220909661dffd598fa74a1565c944e92bd91397a:2:{i:0;s:5:\"_csrf\";i:1;s:32:\"PcqpejGmV6kJWfUUvTsJkquDjVwBr2rp\";}'
    'CNZZDATA155540' => 'cnzz_eid=1089649474-1463524025-&ntime=1463529202'
]

$_SERVER = [
    'PATH' => 'C:\\Program Files (x86)\\Intel\\iCLS Client\\;C:\\Program Files\\Intel\\iCLS Client\\;C:\\WINDOWS\\system32;C:\\WINDOWS;C:\\WINDOWS\\System32\\Wbem;C:\\WINDOWS\\System32\\WindowsPowerShell\\v1.0\\;C:\\Program Files\\Intel\\Intel(R) Management Engine Components\\DAL;C:\\Program Files (x86)\\Intel\\Intel(R) Management Engine Components\\DAL;C:\\Program Files\\Intel\\Intel(R) Management Engine Components\\IPT;C:\\Program Files (x86)\\Intel\\Intel(R) Management Engine Components\\IPT;C:\\Program Files (x86)\\ATI Technologies\\ATI.ACE\\Core-Static;C:\\Program Files (x86)\\Common Files\\lenovo\\easyplussdk\\bin;C:\\ProgramData\\Lenovo\\ReadyApps;E:\\TortoiseSVN\\bin;C:\\ProgramData\\ComposerSetup\\bin;E:\\tortoisegit\\bin;C:\\Users\\Star\\AppData\\Roaming\\Composer\\vendor\\bin\\php5.4n'
    'SYSTEMROOT' => 'C:\\WINDOWS'
    'COMSPEC' => 'C:\\WINDOWS\\system32\\cmd.exe'
    'PATHEXT' => '.COM;.EXE;.BAT;.CMD;.VBS;.VBE;.JS;.JSE;.WSF;.WSH;.MSC'
    'WINDIR' => 'C:\\WINDOWS'
    'PHP_FCGI_MAX_REQUESTS' => '1000'
    'PHPRC' => 'F:/phpStudy/php54n'
    '_FCGI_SHUTDOWN_EVENT_' => '532'
    'SCRIPT_NAME' => '/htdocs/PHP9/ninegroup/yii/backend/web/index.php'
    'REQUEST_URI' => '/htdocs/PHP9/ninegroup/yii/backend/web/index.php?r=login/info'
    'QUERY_STRING' => 'r=login/info'
    'REQUEST_METHOD' => 'GET'
    'SERVER_PROTOCOL' => 'HTTP/1.1'
    'GATEWAY_INTERFACE' => 'CGI/1.1'
    'REMOTE_PORT' => '63069'
    'SCRIPT_FILENAME' => 'F:/WWW/htdocs/PHP9/ninegroup/yii/backend/web/index.php'
    'SERVER_ADMIN' => 'admin@phpStudy.net'
    'CONTEXT_DOCUMENT_ROOT' => 'F:/WWW'
    'CONTEXT_PREFIX' => ''
    'REQUEST_SCHEME' => 'http'
    'DOCUMENT_ROOT' => 'F:/WWW'
    'REMOTE_ADDR' => '127.0.0.1'
    'SERVER_PORT' => '80'
    'SERVER_ADDR' => '127.0.0.1'
    'SERVER_NAME' => 'www.ljh.com'
    'SERVER_SOFTWARE' => 'Apache/2.4.10 (Win32) OpenSSL/0.9.8zb mod_fcgid/2.3.9'
    'SERVER_SIGNATURE' => ''
    'SystemRoot' => 'C:\\WINDOWS'
    'HTTP_CONNECTION' => 'close'
    'HTTP_COOKIE' => 'PHPSESSID=a31peakg7st4r42e7r4fj708t1; _csrf=ca208d2c096ff3b1e1ee9e41a220909661dffd598fa74a1565c944e92bd91397a%3A2%3A%7Bi%3A0%3Bs%3A5%3A%22_csrf%22%3Bi%3A1%3Bs%3A32%3A%22PcqpejGmV6kJWfUUvTsJkquDjVwBr2rp%22%3B%7D; CNZZDATA155540=cnzz_eid%3D1089649474-1463524025-%26ntime%3D1463529202'
    'HTTP_ACCEPT_ENCODING' => 'gzip, deflate'
    'HTTP_ACCEPT_LANGUAGE' => 'zh-CN,zh;q=0.8,en-US;q=0.5,en;q=0.3'
    'HTTP_ACCEPT' => 'text/html,application/xhtml+xml,application/xml;q=0.9,*/*;q=0.8'
    'HTTP_USER_AGENT' => 'Mozilla/5.0 (Windows NT 6.3; WOW64; rv:46.0) Gecko/20100101 Firefox/46.0'
    'HTTP_HOST' => 'www.ljh.com'
    'FCGI_ROLE' => 'RESPONDER'
    'PHP_SELF' => '/htdocs/PHP9/ninegroup/yii/backend/web/index.php'
    'REQUEST_TIME_FLOAT' => 1463529793.3125
    'REQUEST_TIME' => 1463529793
]
2016-05-18 08:08:17 [127.0.0.1][-][-][error][yii\base\ErrorException:1] exception 'yii\base\ErrorException' with message 'Class 'backend\controllers\Yii' not found' in F:\WWW\htdocs\PHP9\ninegroup\yii\backend\controllers\LoginController.php:14
Stack trace:
#0 [internal function]: yii\base\ErrorHandler->handleFatalError()
#1 {main}
2016-05-18 08:08:17 [127.0.0.1][-][-][info][application] $_GET = [
    'r' => 'login/info'
]

$_POST = [
    'name' => '张三'
    'pwd' => '123'
]

$_COOKIE = [
    'PHPSESSID' => 'a31peakg7st4r42e7r4fj708t1'
    '_csrf' => 'ca208d2c096ff3b1e1ee9e41a220909661dffd598fa74a1565c944e92bd91397a:2:{i:0;s:5:\"_csrf\";i:1;s:32:\"PcqpejGmV6kJWfUUvTsJkquDjVwBr2rp\";}'
    'CNZZDATA155540' => 'cnzz_eid=1089649474-1463524025-&ntime=1463529202'
]

$_SERVER = [
    'PATH' => 'C:\\Program Files (x86)\\Intel\\iCLS Client\\;C:\\Program Files\\Intel\\iCLS Client\\;C:\\WINDOWS\\system32;C:\\WINDOWS;C:\\WINDOWS\\System32\\Wbem;C:\\WINDOWS\\System32\\WindowsPowerShell\\v1.0\\;C:\\Program Files\\Intel\\Intel(R) Management Engine Components\\DAL;C:\\Program Files (x86)\\Intel\\Intel(R) Management Engine Components\\DAL;C:\\Program Files\\Intel\\Intel(R) Management Engine Components\\IPT;C:\\Program Files (x86)\\Intel\\Intel(R) Management Engine Components\\IPT;C:\\Program Files (x86)\\ATI Technologies\\ATI.ACE\\Core-Static;C:\\Program Files (x86)\\Common Files\\lenovo\\easyplussdk\\bin;C:\\ProgramData\\Lenovo\\ReadyApps;E:\\TortoiseSVN\\bin;C:\\ProgramData\\ComposerSetup\\bin;E:\\tortoisegit\\bin;C:\\Users\\Star\\AppData\\Roaming\\Composer\\vendor\\bin\\php5.4n'
    'SYSTEMROOT' => 'C:\\WINDOWS'
    'COMSPEC' => 'C:\\WINDOWS\\system32\\cmd.exe'
    'PATHEXT' => '.COM;.EXE;.BAT;.CMD;.VBS;.VBE;.JS;.JSE;.WSF;.WSH;.MSC'
    'WINDIR' => 'C:\\WINDOWS'
    'PHP_FCGI_MAX_REQUESTS' => '1000'
    'PHPRC' => 'F:/phpStudy/php54n'
    '_FCGI_SHUTDOWN_EVENT_' => '1872'
    'SCRIPT_NAME' => '/htdocs/PHP9/ninegroup/yii/backend/web/index.php'
    'REQUEST_URI' => '/htdocs/PHP9/ninegroup/yii/backend/web/index.php?r=login/info'
    'QUERY_STRING' => 'r=login/info'
    'REQUEST_METHOD' => 'POST'
    'SERVER_PROTOCOL' => 'HTTP/1.1'
    'GATEWAY_INTERFACE' => 'CGI/1.1'
    'REMOTE_PORT' => '63156'
    'SCRIPT_FILENAME' => 'F:/WWW/htdocs/PHP9/ninegroup/yii/backend/web/index.php'
    'SERVER_ADMIN' => 'admin@phpStudy.net'
    'CONTEXT_DOCUMENT_ROOT' => 'F:/WWW'
    'CONTEXT_PREFIX' => ''
    'REQUEST_SCHEME' => 'http'
    'DOCUMENT_ROOT' => 'F:/WWW'
    'REMOTE_ADDR' => '127.0.0.1'
    'SERVER_PORT' => '80'
    'SERVER_ADDR' => '127.0.0.1'
    'SERVER_NAME' => 'www.ljh.com'
    'SERVER_SOFTWARE' => 'Apache/2.4.10 (Win32) OpenSSL/0.9.8zb mod_fcgid/2.3.9'
    'SERVER_SIGNATURE' => ''
    'SystemRoot' => 'C:\\WINDOWS'
    'CONTENT_LENGTH' => '31'
    'CONTENT_TYPE' => 'application/x-www-form-urlencoded'
    'HTTP_CONNECTION' => 'close'
    'HTTP_COOKIE' => 'PHPSESSID=a31peakg7st4r42e7r4fj708t1; _csrf=ca208d2c096ff3b1e1ee9e41a220909661dffd598fa74a1565c944e92bd91397a%3A2%3A%7Bi%3A0%3Bs%3A5%3A%22_csrf%22%3Bi%3A1%3Bs%3A32%3A%22PcqpejGmV6kJWfUUvTsJkquDjVwBr2rp%22%3B%7D; CNZZDATA155540=cnzz_eid%3D1089649474-1463524025-%26ntime%3D1463529202'
    'HTTP_REFERER' => 'http://www.ljh.com/htdocs/PHP9/ninegroup/yii/backend/web/index.php?r=login'
    'HTTP_ACCEPT_ENCODING' => 'gzip, deflate'
    'HTTP_ACCEPT_LANGUAGE' => 'zh-CN,zh;q=0.8,en-US;q=0.5,en;q=0.3'
    'HTTP_ACCEPT' => 'text/html,application/xhtml+xml,application/xml;q=0.9,*/*;q=0.8'
    'HTTP_USER_AGENT' => 'Mozilla/5.0 (Windows NT 6.3; WOW64; rv:46.0) Gecko/20100101 Firefox/46.0'
    'HTTP_HOST' => 'www.ljh.com'
    'FCGI_ROLE' => 'RESPONDER'
    'PHP_SELF' => '/htdocs/PHP9/ninegroup/yii/backend/web/index.php'
    'REQUEST_TIME_FLOAT' => 1463530097.7288
    'REQUEST_TIME' => 1463530097
]
2016-05-18 08:59:43 [127.0.0.1][-][-][error][yii\base\ErrorException:8] exception 'yii\base\ErrorException' with message 'Undefined index: pwd' in F:\WWW\htdocs\PHP9\ninegroup\yii\backend\controllers\LoginController.php:21
Stack trace:
#0 F:\WWW\htdocs\PHP9\ninegroup\yii\backend\controllers\LoginController.php(21): yii\base\ErrorHandler->handleError(8, 'Undefined index...', 'F:\\WWW\\htdocs\\P...', 21, Array)
#1 [internal function]: backend\controllers\LoginController->actionInfo()
#2 F:\WWW\htdocs\PHP9\ninegroup\yii\vendor\yiisoft\yii2\base\InlineAction.php(55): call_user_func_array(Array, Array)
#3 F:\WWW\htdocs\PHP9\ninegroup\yii\vendor\yiisoft\yii2\base\Controller.php(151): yii\base\InlineAction->runWithParams(Array)
#4 F:\WWW\htdocs\PHP9\ninegroup\yii\vendor\yiisoft\yii2\base\Module.php(455): yii\base\Controller->runAction('info', Array)
#5 F:\WWW\htdocs\PHP9\ninegroup\yii\vendor\yiisoft\yii2\web\Application.php(84): yii\base\Module->runAction('login/info', Array)
#6 F:\WWW\htdocs\PHP9\ninegroup\yii\vendor\yiisoft\yii2\base\Application.php(375): yii\web\Application->handleRequest(Object(yii\web\Request))
#7 F:\WWW\htdocs\PHP9\ninegroup\yii\backend\web\index.php(18): yii\base\Application->run()
#8 {main}
2016-05-18 08:59:43 [127.0.0.1][-][-][info][application] $_GET = [
    'r' => 'login/info'
]

$_POST = [
    'name' => '管理01'
    'pwd' => '123'
]

$_COOKIE = [
    'PHPSESSID' => 'a31peakg7st4r42e7r4fj708t1'
    '_csrf' => 'ca208d2c096ff3b1e1ee9e41a220909661dffd598fa74a1565c944e92bd91397a:2:{i:0;s:5:\"_csrf\";i:1;s:32:\"PcqpejGmV6kJWfUUvTsJkquDjVwBr2rp\";}'
    'CNZZDATA155540' => 'cnzz_eid=1089649474-1463524025-&ntime=1463529202'
]

$_SERVER = [
    'PATH' => 'C:\\Program Files (x86)\\Intel\\iCLS Client\\;C:\\Program Files\\Intel\\iCLS Client\\;C:\\WINDOWS\\system32;C:\\WINDOWS;C:\\WINDOWS\\System32\\Wbem;C:\\WINDOWS\\System32\\WindowsPowerShell\\v1.0\\;C:\\Program Files\\Intel\\Intel(R) Management Engine Components\\DAL;C:\\Program Files (x86)\\Intel\\Intel(R) Management Engine Components\\DAL;C:\\Program Files\\Intel\\Intel(R) Management Engine Components\\IPT;C:\\Program Files (x86)\\Intel\\Intel(R) Management Engine Components\\IPT;C:\\Program Files (x86)\\ATI Technologies\\ATI.ACE\\Core-Static;C:\\Program Files (x86)\\Common Files\\lenovo\\easyplussdk\\bin;C:\\ProgramData\\Lenovo\\ReadyApps;E:\\TortoiseSVN\\bin;C:\\ProgramData\\ComposerSetup\\bin;E:\\tortoisegit\\bin;C:\\Users\\Star\\AppData\\Roaming\\Composer\\vendor\\bin\\php5.4n'
    'SYSTEMROOT' => 'C:\\WINDOWS'
    'COMSPEC' => 'C:\\WINDOWS\\system32\\cmd.exe'
    'PATHEXT' => '.COM;.EXE;.BAT;.CMD;.VBS;.VBE;.JS;.JSE;.WSF;.WSH;.MSC'
    'WINDIR' => 'C:\\WINDOWS'
    'PHP_FCGI_MAX_REQUESTS' => '1000'
    'PHPRC' => 'F:/phpStudy/php54n'
    '_FCGI_SHUTDOWN_EVENT_' => '2028'
    'SCRIPT_NAME' => '/htdocs/PHP9/ninegroup/yii/backend/web/index.php'
    'REQUEST_URI' => '/htdocs/PHP9/ninegroup/yii/backend/web/index.php?r=login/info'
    'QUERY_STRING' => 'r=login/info'
    'REQUEST_METHOD' => 'POST'
    'SERVER_PROTOCOL' => 'HTTP/1.1'
    'GATEWAY_INTERFACE' => 'CGI/1.1'
    'REMOTE_PORT' => '63819'
    'SCRIPT_FILENAME' => 'F:/WWW/htdocs/PHP9/ninegroup/yii/backend/web/index.php'
    'SERVER_ADMIN' => 'admin@phpStudy.net'
    'CONTEXT_DOCUMENT_ROOT' => 'F:/WWW'
    'CONTEXT_PREFIX' => ''
    'REQUEST_SCHEME' => 'http'
    'DOCUMENT_ROOT' => 'F:/WWW'
    'REMOTE_ADDR' => '127.0.0.1'
    'SERVER_PORT' => '80'
    'SERVER_ADDR' => '127.0.0.1'
    'SERVER_NAME' => 'www.ljh.com'
    'SERVER_SOFTWARE' => 'Apache/2.4.10 (Win32) OpenSSL/0.9.8zb mod_fcgid/2.3.9'
    'SERVER_SIGNATURE' => ''
    'SystemRoot' => 'C:\\WINDOWS'
    'CONTENT_LENGTH' => '33'
    'CONTENT_TYPE' => 'application/x-www-form-urlencoded'
    'HTTP_CONNECTION' => 'close'
    'HTTP_COOKIE' => 'PHPSESSID=a31peakg7st4r42e7r4fj708t1; _csrf=ca208d2c096ff3b1e1ee9e41a220909661dffd598fa74a1565c944e92bd91397a%3A2%3A%7Bi%3A0%3Bs%3A5%3A%22_csrf%22%3Bi%3A1%3Bs%3A32%3A%22PcqpejGmV6kJWfUUvTsJkquDjVwBr2rp%22%3B%7D; CNZZDATA155540=cnzz_eid%3D1089649474-1463524025-%26ntime%3D1463529202'
    'HTTP_REFERER' => 'http://www.ljh.com/htdocs/PHP9/ninegroup/yii/backend/web/index.php?r=login'
    'HTTP_ACCEPT_ENCODING' => 'gzip, deflate'
    'HTTP_ACCEPT_LANGUAGE' => 'zh-CN,zh;q=0.8,en-US;q=0.5,en;q=0.3'
    'HTTP_ACCEPT' => 'text/html,application/xhtml+xml,application/xml;q=0.9,*/*;q=0.8'
    'HTTP_USER_AGENT' => 'Mozilla/5.0 (Windows NT 6.3; WOW64; rv:46.0) Gecko/20100101 Firefox/46.0'
    'HTTP_HOST' => 'www.ljh.com'
    'FCGI_ROLE' => 'RESPONDER'
    'PHP_SELF' => '/htdocs/PHP9/ninegroup/yii/backend/web/index.php'
    'REQUEST_TIME_FLOAT' => 1463533183.5181
    'REQUEST_TIME' => 1463533183
]
2016-05-18 08:59:43 [127.0.0.1][-][-][warning][yii\log\Dispatcher::dispatch] Unable to send log via yii\debug\LogTarget: Exception 'PDOException' with message 'You cannot serialize or unserialize PDO instances' 

in F:\WWW\htdocs\PHP9\ninegroup\yii\vendor\yiisoft\yii2-debug\LogTarget.php:58

Stack trace:
#0 [internal function]: PDO->__sleep()
#1 F:\WWW\htdocs\PHP9\ninegroup\yii\vendor\yiisoft\yii2-debug\LogTarget.php(58): serialize(Array)
#2 F:\WWW\htdocs\PHP9\ninegroup\yii\vendor\yiisoft\yii2-debug\LogTarget.php(112): yii\debug\LogTarget->export(Array)
#3 F:\WWW\htdocs\PHP9\ninegroup\yii\vendor\yiisoft\yii2\log\Dispatcher.php(183): yii\debug\LogTarget->collect(Array, true)
#4 F:\WWW\htdocs\PHP9\ninegroup\yii\vendor\yiisoft\yii2\log\Logger.php(173): yii\log\Dispatcher->dispatch(Array, true)
#5 F:\WWW\htdocs\PHP9\ninegroup\yii\vendor\yiisoft\yii2\base\ErrorHandler.php(111): yii\log\Logger->flush(true)
#6 [internal function]: yii\base\ErrorHandler->handleException(Object(yii\base\ErrorException))
#7 {main}
2016-05-18 08:59:43 [127.0.0.1][-][-][info][application] $_GET = [
    'r' => 'login/info'
]

$_POST = [
    'name' => '管理01'
    'pwd' => '123'
]

$_COOKIE = [
    'PHPSESSID' => 'a31peakg7st4r42e7r4fj708t1'
    '_csrf' => 'ca208d2c096ff3b1e1ee9e41a220909661dffd598fa74a1565c944e92bd91397a:2:{i:0;s:5:\"_csrf\";i:1;s:32:\"PcqpejGmV6kJWfUUvTsJkquDjVwBr2rp\";}'
    'CNZZDATA155540' => 'cnzz_eid=1089649474-1463524025-&ntime=1463529202'
]

$_SERVER = [
    'PATH' => 'C:\\Program Files (x86)\\Intel\\iCLS Client\\;C:\\Program Files\\Intel\\iCLS Client\\;C:\\WINDOWS\\system32;C:\\WINDOWS;C:\\WINDOWS\\System32\\Wbem;C:\\WINDOWS\\System32\\WindowsPowerShell\\v1.0\\;C:\\Program Files\\Intel\\Intel(R) Management Engine Components\\DAL;C:\\Program Files (x86)\\Intel\\Intel(R) Management Engine Components\\DAL;C:\\Program Files\\Intel\\Intel(R) Management Engine Components\\IPT;C:\\Program Files (x86)\\Intel\\Intel(R) Management Engine Components\\IPT;C:\\Program Files (x86)\\ATI Technologies\\ATI.ACE\\Core-Static;C:\\Program Files (x86)\\Common Files\\lenovo\\easyplussdk\\bin;C:\\ProgramData\\Lenovo\\ReadyApps;E:\\TortoiseSVN\\bin;C:\\ProgramData\\ComposerSetup\\bin;E:\\tortoisegit\\bin;C:\\Users\\Star\\AppData\\Roaming\\Composer\\vendor\\bin\\php5.4n'
    'SYSTEMROOT' => 'C:\\WINDOWS'
    'COMSPEC' => 'C:\\WINDOWS\\system32\\cmd.exe'
    'PATHEXT' => '.COM;.EXE;.BAT;.CMD;.VBS;.VBE;.JS;.JSE;.WSF;.WSH;.MSC'
    'WINDIR' => 'C:\\WINDOWS'
    'PHP_FCGI_MAX_REQUESTS' => '1000'
    'PHPRC' => 'F:/phpStudy/php54n'
    '_FCGI_SHUTDOWN_EVENT_' => '2028'
    'SCRIPT_NAME' => '/htdocs/PHP9/ninegroup/yii/backend/web/index.php'
    'REQUEST_URI' => '/htdocs/PHP9/ninegroup/yii/backend/web/index.php?r=login/info'
    'QUERY_STRING' => 'r=login/info'
    'REQUEST_METHOD' => 'POST'
    'SERVER_PROTOCOL' => 'HTTP/1.1'
    'GATEWAY_INTERFACE' => 'CGI/1.1'
    'REMOTE_PORT' => '63819'
    'SCRIPT_FILENAME' => 'F:/WWW/htdocs/PHP9/ninegroup/yii/backend/web/index.php'
    'SERVER_ADMIN' => 'admin@phpStudy.net'
    'CONTEXT_DOCUMENT_ROOT' => 'F:/WWW'
    'CONTEXT_PREFIX' => ''
    'REQUEST_SCHEME' => 'http'
    'DOCUMENT_ROOT' => 'F:/WWW'
    'REMOTE_ADDR' => '127.0.0.1'
    'SERVER_PORT' => '80'
    'SERVER_ADDR' => '127.0.0.1'
    'SERVER_NAME' => 'www.ljh.com'
    'SERVER_SOFTWARE' => 'Apache/2.4.10 (Win32) OpenSSL/0.9.8zb mod_fcgid/2.3.9'
    'SERVER_SIGNATURE' => ''
    'SystemRoot' => 'C:\\WINDOWS'
    'CONTENT_LENGTH' => '33'
    'CONTENT_TYPE' => 'application/x-www-form-urlencoded'
    'HTTP_CONNECTION' => 'close'
    'HTTP_COOKIE' => 'PHPSESSID=a31peakg7st4r42e7r4fj708t1; _csrf=ca208d2c096ff3b1e1ee9e41a220909661dffd598fa74a1565c944e92bd91397a%3A2%3A%7Bi%3A0%3Bs%3A5%3A%22_csrf%22%3Bi%3A1%3Bs%3A32%3A%22PcqpejGmV6kJWfUUvTsJkquDjVwBr2rp%22%3B%7D; CNZZDATA155540=cnzz_eid%3D1089649474-1463524025-%26ntime%3D1463529202'
    'HTTP_REFERER' => 'http://www.ljh.com/htdocs/PHP9/ninegroup/yii/backend/web/index.php?r=login'
    'HTTP_ACCEPT_ENCODING' => 'gzip, deflate'
    'HTTP_ACCEPT_LANGUAGE' => 'zh-CN,zh;q=0.8,en-US;q=0.5,en;q=0.3'
    'HTTP_ACCEPT' => 'text/html,application/xhtml+xml,application/xml;q=0.9,*/*;q=0.8'
    'HTTP_USER_AGENT' => 'Mozilla/5.0 (Windows NT 6.3; WOW64; rv:46.0) Gecko/20100101 Firefox/46.0'
    'HTTP_HOST' => 'www.ljh.com'
    'FCGI_ROLE' => 'RESPONDER'
    'PHP_SELF' => '/htdocs/PHP9/ninegroup/yii/backend/web/index.php'
    'REQUEST_TIME_FLOAT' => 1463533183.5181
    'REQUEST_TIME' => 1463533183
]
2016-05-18 09:00:51 [127.0.0.1][-][-][error][yii\base\ErrorException:8] exception 'yii\base\ErrorException' with message 'Undefined index: pwd' in F:\WWW\htdocs\PHP9\ninegroup\yii\backend\controllers\LoginController.php:22
Stack trace:
#0 F:\WWW\htdocs\PHP9\ninegroup\yii\backend\controllers\LoginController.php(22): yii\base\ErrorHandler->handleError(8, 'Undefined index...', 'F:\\WWW\\htdocs\\P...', 22, Array)
#1 [internal function]: backend\controllers\LoginController->actionInfo()
#2 F:\WWW\htdocs\PHP9\ninegroup\yii\vendor\yiisoft\yii2\base\InlineAction.php(55): call_user_func_array(Array, Array)
#3 F:\WWW\htdocs\PHP9\ninegroup\yii\vendor\yiisoft\yii2\base\Controller.php(151): yii\base\InlineAction->runWithParams(Array)
#4 F:\WWW\htdocs\PHP9\ninegroup\yii\vendor\yiisoft\yii2\base\Module.php(455): yii\base\Controller->runAction('info', Array)
#5 F:\WWW\htdocs\PHP9\ninegroup\yii\vendor\yiisoft\yii2\web\Application.php(84): yii\base\Module->runAction('login/info', Array)
#6 F:\WWW\htdocs\PHP9\ninegroup\yii\vendor\yiisoft\yii2\base\Application.php(375): yii\web\Application->handleRequest(Object(yii\web\Request))
#7 F:\WWW\htdocs\PHP9\ninegroup\yii\backend\web\index.php(18): yii\base\Application->run()
#8 {main}
2016-05-18 09:00:51 [127.0.0.1][-][-][info][application] $_GET = [
    'r' => 'login/info'
]

$_POST = [
    'name' => '管理01'
    'pwd' => '123'
]

$_COOKIE = [
    'PHPSESSID' => 'a31peakg7st4r42e7r4fj708t1'
    '_csrf' => 'ca208d2c096ff3b1e1ee9e41a220909661dffd598fa74a1565c944e92bd91397a:2:{i:0;s:5:\"_csrf\";i:1;s:32:\"PcqpejGmV6kJWfUUvTsJkquDjVwBr2rp\";}'
    'CNZZDATA155540' => 'cnzz_eid=1089649474-1463524025-&ntime=1463529202'
]

$_SERVER = [
    'PATH' => 'C:\\Program Files (x86)\\Intel\\iCLS Client\\;C:\\Program Files\\Intel\\iCLS Client\\;C:\\WINDOWS\\system32;C:\\WINDOWS;C:\\WINDOWS\\System32\\Wbem;C:\\WINDOWS\\System32\\WindowsPowerShell\\v1.0\\;C:\\Program Files\\Intel\\Intel(R) Management Engine Components\\DAL;C:\\Program Files (x86)\\Intel\\Intel(R) Management Engine Components\\DAL;C:\\Program Files\\Intel\\Intel(R) Management Engine Components\\IPT;C:\\Program Files (x86)\\Intel\\Intel(R) Management Engine Components\\IPT;C:\\Program Files (x86)\\ATI Technologies\\ATI.ACE\\Core-Static;C:\\Program Files (x86)\\Common Files\\lenovo\\easyplussdk\\bin;C:\\ProgramData\\Lenovo\\ReadyApps;E:\\TortoiseSVN\\bin;C:\\ProgramData\\ComposerSetup\\bin;E:\\tortoisegit\\bin;C:\\Users\\Star\\AppData\\Roaming\\Composer\\vendor\\bin\\php5.4n'
    'SYSTEMROOT' => 'C:\\WINDOWS'
    'COMSPEC' => 'C:\\WINDOWS\\system32\\cmd.exe'
    'PATHEXT' => '.COM;.EXE;.BAT;.CMD;.VBS;.VBE;.JS;.JSE;.WSF;.WSH;.MSC'
    'WINDIR' => 'C:\\WINDOWS'
    'PHP_FCGI_MAX_REQUESTS' => '1000'
    'PHPRC' => 'F:/phpStudy/php54n'
    '_FCGI_SHUTDOWN_EVENT_' => '2028'
    'SCRIPT_NAME' => '/htdocs/PHP9/ninegroup/yii/backend/web/index.php'
    'REQUEST_URI' => '/htdocs/PHP9/ninegroup/yii/backend/web/index.php?r=login/info'
    'QUERY_STRING' => 'r=login/info'
    'REQUEST_METHOD' => 'POST'
    'SERVER_PROTOCOL' => 'HTTP/1.1'
    'GATEWAY_INTERFACE' => 'CGI/1.1'
    'REMOTE_PORT' => '63845'
    'SCRIPT_FILENAME' => 'F:/WWW/htdocs/PHP9/ninegroup/yii/backend/web/index.php'
    'SERVER_ADMIN' => 'admin@phpStudy.net'
    'CONTEXT_DOCUMENT_ROOT' => 'F:/WWW'
    'CONTEXT_PREFIX' => ''
    'REQUEST_SCHEME' => 'http'
    'DOCUMENT_ROOT' => 'F:/WWW'
    'REMOTE_ADDR' => '127.0.0.1'
    'SERVER_PORT' => '80'
    'SERVER_ADDR' => '127.0.0.1'
    'SERVER_NAME' => 'www.ljh.com'
    'SERVER_SOFTWARE' => 'Apache/2.4.10 (Win32) OpenSSL/0.9.8zb mod_fcgid/2.3.9'
    'SERVER_SIGNATURE' => ''
    'SystemRoot' => 'C:\\WINDOWS'
    'CONTENT_LENGTH' => '33'
    'CONTENT_TYPE' => 'application/x-www-form-urlencoded'
    'HTTP_CONNECTION' => 'close'
    'HTTP_COOKIE' => 'PHPSESSID=a31peakg7st4r42e7r4fj708t1; _csrf=ca208d2c096ff3b1e1ee9e41a220909661dffd598fa74a1565c944e92bd91397a%3A2%3A%7Bi%3A0%3Bs%3A5%3A%22_csrf%22%3Bi%3A1%3Bs%3A32%3A%22PcqpejGmV6kJWfUUvTsJkquDjVwBr2rp%22%3B%7D; CNZZDATA155540=cnzz_eid%3D1089649474-1463524025-%26ntime%3D1463529202'
    'HTTP_REFERER' => 'http://www.ljh.com/htdocs/PHP9/ninegroup/yii/backend/web/index.php?r=login'
    'HTTP_ACCEPT_ENCODING' => 'gzip, deflate'
    'HTTP_ACCEPT_LANGUAGE' => 'zh-CN,zh;q=0.8,en-US;q=0.5,en;q=0.3'
    'HTTP_ACCEPT' => 'text/html,application/xhtml+xml,application/xml;q=0.9,*/*;q=0.8'
    'HTTP_USER_AGENT' => 'Mozilla/5.0 (Windows NT 6.3; WOW64; rv:46.0) Gecko/20100101 Firefox/46.0'
    'HTTP_HOST' => 'www.ljh.com'
    'FCGI_ROLE' => 'RESPONDER'
    'PHP_SELF' => '/htdocs/PHP9/ninegroup/yii/backend/web/index.php'
    'REQUEST_TIME_FLOAT' => 1463533251.3954
    'REQUEST_TIME' => 1463533251
]
2016-05-18 09:00:51 [127.0.0.1][-][-][warning][yii\log\Dispatcher::dispatch] Unable to send log via yii\debug\LogTarget: Exception 'PDOException' with message 'You cannot serialize or unserialize PDO instances' 

in F:\WWW\htdocs\PHP9\ninegroup\yii\vendor\yiisoft\yii2-debug\LogTarget.php:58

Stack trace:
#0 [internal function]: PDO->__sleep()
#1 F:\WWW\htdocs\PHP9\ninegroup\yii\vendor\yiisoft\yii2-debug\LogTarget.php(58): serialize(Array)
#2 F:\WWW\htdocs\PHP9\ninegroup\yii\vendor\yiisoft\yii2-debug\LogTarget.php(112): yii\debug\LogTarget->export(Array)
#3 F:\WWW\htdocs\PHP9\ninegroup\yii\vendor\yiisoft\yii2\log\Dispatcher.php(183): yii\debug\LogTarget->collect(Array, true)
#4 F:\WWW\htdocs\PHP9\ninegroup\yii\vendor\yiisoft\yii2\log\Logger.php(173): yii\log\Dispatcher->dispatch(Array, true)
#5 F:\WWW\htdocs\PHP9\ninegroup\yii\vendor\yiisoft\yii2\base\ErrorHandler.php(111): yii\log\Logger->flush(true)
#6 [internal function]: yii\base\ErrorHandler->handleException(Object(yii\base\ErrorException))
#7 {main}
2016-05-18 09:00:51 [127.0.0.1][-][-][info][application] $_GET = [
    'r' => 'login/info'
]

$_POST = [
    'name' => '管理01'
    'pwd' => '123'
]

$_COOKIE = [
    'PHPSESSID' => 'a31peakg7st4r42e7r4fj708t1'
    '_csrf' => 'ca208d2c096ff3b1e1ee9e41a220909661dffd598fa74a1565c944e92bd91397a:2:{i:0;s:5:\"_csrf\";i:1;s:32:\"PcqpejGmV6kJWfUUvTsJkquDjVwBr2rp\";}'
    'CNZZDATA155540' => 'cnzz_eid=1089649474-1463524025-&ntime=1463529202'
]

$_SERVER = [
    'PATH' => 'C:\\Program Files (x86)\\Intel\\iCLS Client\\;C:\\Program Files\\Intel\\iCLS Client\\;C:\\WINDOWS\\system32;C:\\WINDOWS;C:\\WINDOWS\\System32\\Wbem;C:\\WINDOWS\\System32\\WindowsPowerShell\\v1.0\\;C:\\Program Files\\Intel\\Intel(R) Management Engine Components\\DAL;C:\\Program Files (x86)\\Intel\\Intel(R) Management Engine Components\\DAL;C:\\Program Files\\Intel\\Intel(R) Management Engine Components\\IPT;C:\\Program Files (x86)\\Intel\\Intel(R) Management Engine Components\\IPT;C:\\Program Files (x86)\\ATI Technologies\\ATI.ACE\\Core-Static;C:\\Program Files (x86)\\Common Files\\lenovo\\easyplussdk\\bin;C:\\ProgramData\\Lenovo\\ReadyApps;E:\\TortoiseSVN\\bin;C:\\ProgramData\\ComposerSetup\\bin;E:\\tortoisegit\\bin;C:\\Users\\Star\\AppData\\Roaming\\Composer\\vendor\\bin\\php5.4n'
    'SYSTEMROOT' => 'C:\\WINDOWS'
    'COMSPEC' => 'C:\\WINDOWS\\system32\\cmd.exe'
    'PATHEXT' => '.COM;.EXE;.BAT;.CMD;.VBS;.VBE;.JS;.JSE;.WSF;.WSH;.MSC'
    'WINDIR' => 'C:\\WINDOWS'
    'PHP_FCGI_MAX_REQUESTS' => '1000'
    'PHPRC' => 'F:/phpStudy/php54n'
    '_FCGI_SHUTDOWN_EVENT_' => '2028'
    'SCRIPT_NAME' => '/htdocs/PHP9/ninegroup/yii/backend/web/index.php'
    'REQUEST_URI' => '/htdocs/PHP9/ninegroup/yii/backend/web/index.php?r=login/info'
    'QUERY_STRING' => 'r=login/info'
    'REQUEST_METHOD' => 'POST'
    'SERVER_PROTOCOL' => 'HTTP/1.1'
    'GATEWAY_INTERFACE' => 'CGI/1.1'
    'REMOTE_PORT' => '63845'
    'SCRIPT_FILENAME' => 'F:/WWW/htdocs/PHP9/ninegroup/yii/backend/web/index.php'
    'SERVER_ADMIN' => 'admin@phpStudy.net'
    'CONTEXT_DOCUMENT_ROOT' => 'F:/WWW'
    'CONTEXT_PREFIX' => ''
    'REQUEST_SCHEME' => 'http'
    'DOCUMENT_ROOT' => 'F:/WWW'
    'REMOTE_ADDR' => '127.0.0.1'
    'SERVER_PORT' => '80'
    'SERVER_ADDR' => '127.0.0.1'
    'SERVER_NAME' => 'www.ljh.com'
    'SERVER_SOFTWARE' => 'Apache/2.4.10 (Win32) OpenSSL/0.9.8zb mod_fcgid/2.3.9'
    'SERVER_SIGNATURE' => ''
    'SystemRoot' => 'C:\\WINDOWS'
    'CONTENT_LENGTH' => '33'
    'CONTENT_TYPE' => 'application/x-www-form-urlencoded'
    'HTTP_CONNECTION' => 'close'
    'HTTP_COOKIE' => 'PHPSESSID=a31peakg7st4r42e7r4fj708t1; _csrf=ca208d2c096ff3b1e1ee9e41a220909661dffd598fa74a1565c944e92bd91397a%3A2%3A%7Bi%3A0%3Bs%3A5%3A%22_csrf%22%3Bi%3A1%3Bs%3A32%3A%22PcqpejGmV6kJWfUUvTsJkquDjVwBr2rp%22%3B%7D; CNZZDATA155540=cnzz_eid%3D1089649474-1463524025-%26ntime%3D1463529202'
    'HTTP_REFERER' => 'http://www.ljh.com/htdocs/PHP9/ninegroup/yii/backend/web/index.php?r=login'
    'HTTP_ACCEPT_ENCODING' => 'gzip, deflate'
    'HTTP_ACCEPT_LANGUAGE' => 'zh-CN,zh;q=0.8,en-US;q=0.5,en;q=0.3'
    'HTTP_ACCEPT' => 'text/html,application/xhtml+xml,application/xml;q=0.9,*/*;q=0.8'
    'HTTP_USER_AGENT' => 'Mozilla/5.0 (Windows NT 6.3; WOW64; rv:46.0) Gecko/20100101 Firefox/46.0'
    'HTTP_HOST' => 'www.ljh.com'
    'FCGI_ROLE' => 'RESPONDER'
    'PHP_SELF' => '/htdocs/PHP9/ninegroup/yii/backend/web/index.php'
    'REQUEST_TIME_FLOAT' => 1463533251.3954
    'REQUEST_TIME' => 1463533251
]
2016-05-19 18:42:02 [127.0.0.1][-][-][error][yii\base\ErrorException:4] exception 'yii\base\ErrorException' with message 'syntax error, unexpected '$pwd' (T_VARIABLE)' in F:\WWW\htdocs\PHP9\ninegroup\yii\backend\controllers\LoginController.php:16
Stack trace:
#0 [internal function]: yii\base\ErrorHandler->handleFatalError()
#1 {main}
2016-05-19 18:42:02 [127.0.0.1][-][-][info][application] $_GET = [
    'r' => 'login/table'
]

$_COOKIE = [
    'CNZZDATA155540' => 'cnzz_eid=1309522040-1463615638-&ntime=1463642664'
    'PHPSESSID' => '6r2ovfbmgnjrnlr9pnml8m7686'
    '_csrf' => '49ac13d11bd733a579beba1766cc974e61b6c5b1c6481b152ae88e50e0fa962ea:2:{i:0;s:5:\"_csrf\";i:1;s:32:\"myfrU0ke7vmXL6vRIKmzQYZiYJHyysOD\";}'
]

$_SERVER = [
    'PATH' => 'C:\\Program Files (x86)\\Intel\\iCLS Client\\;C:\\Program Files\\Intel\\iCLS Client\\;C:\\WINDOWS\\system32;C:\\WINDOWS;C:\\WINDOWS\\System32\\Wbem;C:\\WINDOWS\\System32\\WindowsPowerShell\\v1.0\\;C:\\Program Files\\Intel\\Intel(R) Management Engine Components\\DAL;C:\\Program Files (x86)\\Intel\\Intel(R) Management Engine Components\\DAL;C:\\Program Files\\Intel\\Intel(R) Management Engine Components\\IPT;C:\\Program Files (x86)\\Intel\\Intel(R) Management Engine Components\\IPT;C:\\Program Files (x86)\\ATI Technologies\\ATI.ACE\\Core-Static;C:\\Program Files (x86)\\Common Files\\lenovo\\easyplussdk\\bin;C:\\ProgramData\\Lenovo\\ReadyApps;E:\\TortoiseSVN\\bin;C:\\ProgramData\\ComposerSetup\\bin;E:\\tortoisegit\\bin;C:\\Users\\Star\\AppData\\Roaming\\Composer\\vendor\\bin\\php5.4n'
    'SYSTEMROOT' => 'C:\\WINDOWS'
    'COMSPEC' => 'C:\\WINDOWS\\system32\\cmd.exe'
    'PATHEXT' => '.COM;.EXE;.BAT;.CMD;.VBS;.VBE;.JS;.JSE;.WSF;.WSH;.MSC'
    'WINDIR' => 'C:\\WINDOWS'
    'PHP_FCGI_MAX_REQUESTS' => '1000'
    'PHPRC' => 'F:/phpStudy/php54n'
    '_FCGI_SHUTDOWN_EVENT_' => '2324'
    'SCRIPT_NAME' => '/htdocs/PHP9/ninegroup/yii/backend/web/index.php'
    'REQUEST_URI' => '/htdocs/PHP9/ninegroup/yii/backend/web/index.php?r=login/table'
    'QUERY_STRING' => 'r=login/table'
    'REQUEST_METHOD' => 'GET'
    'SERVER_PROTOCOL' => 'HTTP/1.1'
    'GATEWAY_INTERFACE' => 'CGI/1.1'
    'REMOTE_PORT' => '62647'
    'SCRIPT_FILENAME' => 'F:/WWW/htdocs/PHP9/ninegroup/yii/backend/web/index.php'
    'SERVER_ADMIN' => 'admin@phpStudy.net'
    'CONTEXT_DOCUMENT_ROOT' => 'F:/WWW'
    'CONTEXT_PREFIX' => ''
    'REQUEST_SCHEME' => 'http'
    'DOCUMENT_ROOT' => 'F:/WWW'
    'REMOTE_ADDR' => '127.0.0.1'
    'SERVER_PORT' => '80'
    'SERVER_ADDR' => '127.0.0.1'
    'SERVER_NAME' => 'www.ljh.com'
    'SERVER_SOFTWARE' => 'Apache/2.4.10 (Win32) OpenSSL/0.9.8zb mod_fcgid/2.3.9'
    'SERVER_SIGNATURE' => ''
    'SystemRoot' => 'C:\\WINDOWS'
    'HTTP_CONNECTION' => 'close'
    'HTTP_COOKIE' => 'CNZZDATA155540=cnzz_eid%3D1309522040-1463615638-%26ntime%3D1463642664; PHPSESSID=6r2ovfbmgnjrnlr9pnml8m7686; _csrf=49ac13d11bd733a579beba1766cc974e61b6c5b1c6481b152ae88e50e0fa962ea%3A2%3A%7Bi%3A0%3Bs%3A5%3A%22_csrf%22%3Bi%3A1%3Bs%3A32%3A%22myfrU0ke7vmXL6vRIKmzQYZiYJHyysOD%22%3B%7D'
    'HTTP_ACCEPT_ENCODING' => 'gzip, deflate'
    'HTTP_ACCEPT_LANGUAGE' => 'zh-CN,zh;q=0.8,en-US;q=0.5,en;q=0.3'
    'HTTP_ACCEPT' => 'text/html,application/xhtml+xml,application/xml;q=0.9,*/*;q=0.8'
    'HTTP_USER_AGENT' => 'Mozilla/5.0 (Windows NT 6.3; WOW64; rv:46.0) Gecko/20100101 Firefox/46.0'
    'HTTP_HOST' => 'www.ljh.com'
    'FCGI_ROLE' => 'RESPONDER'
    'PHP_SELF' => '/htdocs/PHP9/ninegroup/yii/backend/web/index.php'
    'REQUEST_TIME_FLOAT' => 1463654522.1253
    'REQUEST_TIME' => 1463654522
]
2016-05-20 10:38:36 [127.0.0.1][-][-][error][yii\base\ErrorException:8] exception 'yii\base\ErrorException' with message 'Undefined index: u_sex' in F:\WWW\htdocs\PHP9\ninegroup\yii\backend\views\login\tables.html:609
Stack trace:
#0 F:\WWW\htdocs\PHP9\ninegroup\yii\backend\views\login\tables.html(609): yii\base\ErrorHandler->handleError(8, 'Undefined index...', 'F:\\WWW\\htdocs\\P...', 609, Array)
#1 F:\WWW\htdocs\PHP9\ninegroup\yii\vendor\yiisoft\yii2\base\View.php(325): require('F:\\WWW\\htdocs\\P...')
#2 F:\WWW\htdocs\PHP9\ninegroup\yii\vendor\yiisoft\yii2\base\View.php(247): yii\base\View->renderPhpFile('F:\\WWW\\htdocs\\P...', Array)
#3 F:\WWW\htdocs\PHP9\ninegroup\yii\vendor\yiisoft\yii2\base\View.php(149): yii\base\View->renderFile('F:\\WWW\\htdocs\\P...', Array, Object(backend\controllers\LoginController))
#4 F:\WWW\htdocs\PHP9\ninegroup\yii\vendor\yiisoft\yii2\base\Controller.php(402): yii\base\View->render('tables.html', Array, Object(backend\controllers\LoginController))
#5 F:\WWW\htdocs\PHP9\ninegroup\yii\backend\controllers\LoginController.php(47): yii\base\Controller->renderPartial('tables.html', Array)
#6 [internal function]: backend\controllers\LoginController->actionTable()
#7 F:\WWW\htdocs\PHP9\ninegroup\yii\vendor\yiisoft\yii2\base\InlineAction.php(55): call_user_func_array(Array, Array)
#8 F:\WWW\htdocs\PHP9\ninegroup\yii\vendor\yiisoft\yii2\base\Controller.php(151): yii\base\InlineAction->runWithParams(Array)
#9 F:\WWW\htdocs\PHP9\ninegroup\yii\vendor\yiisoft\yii2\base\Module.php(455): yii\base\Controller->runAction('table', Array)
#10 F:\WWW\htdocs\PHP9\ninegroup\yii\vendor\yiisoft\yii2\web\Application.php(84): yii\base\Module->runAction('login/table', Array)
#11 F:\WWW\htdocs\PHP9\ninegroup\yii\vendor\yiisoft\yii2\base\Application.php(375): yii\web\Application->handleRequest(Object(yii\web\Request))
#12 F:\WWW\htdocs\PHP9\ninegroup\yii\backend\web\index.php(18): yii\base\Application->run()
#13 {main}
2016-05-20 10:38:36 [127.0.0.1][-][-][info][application] $_GET = [
    'r' => 'login/table'
]

$_COOKIE = [
    'CNZZDATA155540' => 'cnzz_eid=1309522040-1463615638-&ntime=1463707516'
    'PHPSESSID' => '2b8d76v9ri44j5jbg746b93ie0'
    '_csrf' => '303badef054a2b8ab98efaef50ac9afbb295be20bd1b38d23356a89f51380a9ca:2:{i:0;s:5:\"_csrf\";i:1;s:32:\"kRLgVMVXR8_YupgyRJUTLNkJeHxRzIRK\";}'
]

$_SERVER = [
    'PATH' => 'C:\\Program Files (x86)\\Intel\\iCLS Client\\;C:\\Program Files\\Intel\\iCLS Client\\;C:\\WINDOWS\\system32;C:\\WINDOWS;C:\\WINDOWS\\System32\\Wbem;C:\\WINDOWS\\System32\\WindowsPowerShell\\v1.0\\;C:\\Program Files\\Intel\\Intel(R) Management Engine Components\\DAL;C:\\Program Files (x86)\\Intel\\Intel(R) Management Engine Components\\DAL;C:\\Program Files\\Intel\\Intel(R) Management Engine Components\\IPT;C:\\Program Files (x86)\\Intel\\Intel(R) Management Engine Components\\IPT;C:\\Program Files (x86)\\ATI Technologies\\ATI.ACE\\Core-Static;C:\\Program Files (x86)\\Common Files\\lenovo\\easyplussdk\\bin;C:\\ProgramData\\Lenovo\\ReadyApps;E:\\TortoiseSVN\\bin;C:\\ProgramData\\ComposerSetup\\bin;E:\\tortoisegit\\bin;C:\\Users\\Star\\AppData\\Roaming\\Composer\\vendor\\bin\\php5.4n'
    'SYSTEMROOT' => 'C:\\WINDOWS'
    'COMSPEC' => 'C:\\WINDOWS\\system32\\cmd.exe'
    'PATHEXT' => '.COM;.EXE;.BAT;.CMD;.VBS;.VBE;.JS;.JSE;.WSF;.WSH;.MSC'
    'WINDIR' => 'C:\\WINDOWS'
    'PHP_FCGI_MAX_REQUESTS' => '1000'
    'PHPRC' => 'F:/phpStudy/php54n'
    '_FCGI_SHUTDOWN_EVENT_' => '2024'
    'SCRIPT_NAME' => '/htdocs/PHP9/ninegroup/yii/backend/web/index.php'
    'REQUEST_URI' => '/htdocs/PHP9/ninegroup/yii/backend/web/index.php?r=login/table'
    'QUERY_STRING' => 'r=login/table'
    'REQUEST_METHOD' => 'GET'
    'SERVER_PROTOCOL' => 'HTTP/1.1'
    'GATEWAY_INTERFACE' => 'CGI/1.1'
    'REMOTE_PORT' => '53979'
    'SCRIPT_FILENAME' => 'F:/WWW/htdocs/PHP9/ninegroup/yii/backend/web/index.php'
    'SERVER_ADMIN' => 'admin@phpStudy.net'
    'CONTEXT_DOCUMENT_ROOT' => 'F:/WWW'
    'CONTEXT_PREFIX' => ''
    'REQUEST_SCHEME' => 'http'
    'DOCUMENT_ROOT' => 'F:/WWW'
    'REMOTE_ADDR' => '127.0.0.1'
    'SERVER_PORT' => '80'
    'SERVER_ADDR' => '127.0.0.1'
    'SERVER_NAME' => 'www.ljh.com'
    'SERVER_SOFTWARE' => 'Apache/2.4.10 (Win32) OpenSSL/0.9.8zb mod_fcgid/2.3.9'
    'SERVER_SIGNATURE' => ''
    'SystemRoot' => 'C:\\WINDOWS'
    'HTTP_CONNECTION' => 'close'
    'HTTP_COOKIE' => 'CNZZDATA155540=cnzz_eid%3D1309522040-1463615638-%26ntime%3D1463707516; PHPSESSID=2b8d76v9ri44j5jbg746b93ie0; _csrf=303badef054a2b8ab98efaef50ac9afbb295be20bd1b38d23356a89f51380a9ca%3A2%3A%7Bi%3A0%3Bs%3A5%3A%22_csrf%22%3Bi%3A1%3Bs%3A32%3A%22kRLgVMVXR8_YupgyRJUTLNkJeHxRzIRK%22%3B%7D'
    'HTTP_ACCEPT_ENCODING' => 'gzip, deflate'
    'HTTP_ACCEPT_LANGUAGE' => 'zh-CN,zh;q=0.8,en-US;q=0.5,en;q=0.3'
    'HTTP_ACCEPT' => 'text/html,application/xhtml+xml,application/xml;q=0.9,*/*;q=0.8'
    'HTTP_USER_AGENT' => 'Mozilla/5.0 (Windows NT 6.3; WOW64; rv:46.0) Gecko/20100101 Firefox/46.0'
    'HTTP_HOST' => 'www.ljh.com'
    'FCGI_ROLE' => 'RESPONDER'
    'PHP_SELF' => '/htdocs/PHP9/ninegroup/yii/backend/web/index.php'
    'REQUEST_TIME_FLOAT' => 1463711916.7898
    'REQUEST_TIME' => 1463711916
]
2016-05-20 10:38:36 [127.0.0.1][-][-][warning][yii\log\Dispatcher::dispatch] Unable to send log via yii\debug\LogTarget: Exception 'PDOException' with message 'You cannot serialize or unserialize PDO instances' 

in F:\WWW\htdocs\PHP9\ninegroup\yii\vendor\yiisoft\yii2-debug\LogTarget.php:58

Stack trace:
#0 [internal function]: PDO->__sleep()
#1 F:\WWW\htdocs\PHP9\ninegroup\yii\vendor\yiisoft\yii2-debug\LogTarget.php(58): serialize(Array)
#2 F:\WWW\htdocs\PHP9\ninegroup\yii\vendor\yiisoft\yii2-debug\LogTarget.php(112): yii\debug\LogTarget->export(Array)
#3 F:\WWW\htdocs\PHP9\ninegroup\yii\vendor\yiisoft\yii2\log\Dispatcher.php(183): yii\debug\LogTarget->collect(Array, true)
#4 F:\WWW\htdocs\PHP9\ninegroup\yii\vendor\yiisoft\yii2\log\Logger.php(173): yii\log\Dispatcher->dispatch(Array, true)
#5 F:\WWW\htdocs\PHP9\ninegroup\yii\vendor\yiisoft\yii2\base\ErrorHandler.php(111): yii\log\Logger->flush(true)
#6 [internal function]: yii\base\ErrorHandler->handleException(Object(yii\base\ErrorException))
#7 {main}
2016-05-20 10:38:36 [127.0.0.1][-][-][info][application] $_GET = [
    'r' => 'login/table'
]

$_COOKIE = [
    'CNZZDATA155540' => 'cnzz_eid=1309522040-1463615638-&ntime=1463707516'
    'PHPSESSID' => '2b8d76v9ri44j5jbg746b93ie0'
    '_csrf' => '303badef054a2b8ab98efaef50ac9afbb295be20bd1b38d23356a89f51380a9ca:2:{i:0;s:5:\"_csrf\";i:1;s:32:\"kRLgVMVXR8_YupgyRJUTLNkJeHxRzIRK\";}'
]

$_SERVER = [
    'PATH' => 'C:\\Program Files (x86)\\Intel\\iCLS Client\\;C:\\Program Files\\Intel\\iCLS Client\\;C:\\WINDOWS\\system32;C:\\WINDOWS;C:\\WINDOWS\\System32\\Wbem;C:\\WINDOWS\\System32\\WindowsPowerShell\\v1.0\\;C:\\Program Files\\Intel\\Intel(R) Management Engine Components\\DAL;C:\\Program Files (x86)\\Intel\\Intel(R) Management Engine Components\\DAL;C:\\Program Files\\Intel\\Intel(R) Management Engine Components\\IPT;C:\\Program Files (x86)\\Intel\\Intel(R) Management Engine Components\\IPT;C:\\Program Files (x86)\\ATI Technologies\\ATI.ACE\\Core-Static;C:\\Program Files (x86)\\Common Files\\lenovo\\easyplussdk\\bin;C:\\ProgramData\\Lenovo\\ReadyApps;E:\\TortoiseSVN\\bin;C:\\ProgramData\\ComposerSetup\\bin;E:\\tortoisegit\\bin;C:\\Users\\Star\\AppData\\Roaming\\Composer\\vendor\\bin\\php5.4n'
    'SYSTEMROOT' => 'C:\\WINDOWS'
    'COMSPEC' => 'C:\\WINDOWS\\system32\\cmd.exe'
    'PATHEXT' => '.COM;.EXE;.BAT;.CMD;.VBS;.VBE;.JS;.JSE;.WSF;.WSH;.MSC'
    'WINDIR' => 'C:\\WINDOWS'
    'PHP_FCGI_MAX_REQUESTS' => '1000'
    'PHPRC' => 'F:/phpStudy/php54n'
    '_FCGI_SHUTDOWN_EVENT_' => '2024'
    'SCRIPT_NAME' => '/htdocs/PHP9/ninegroup/yii/backend/web/index.php'
    'REQUEST_URI' => '/htdocs/PHP9/ninegroup/yii/backend/web/index.php?r=login/table'
    'QUERY_STRING' => 'r=login/table'
    'REQUEST_METHOD' => 'GET'
    'SERVER_PROTOCOL' => 'HTTP/1.1'
    'GATEWAY_INTERFACE' => 'CGI/1.1'
    'REMOTE_PORT' => '53979'
    'SCRIPT_FILENAME' => 'F:/WWW/htdocs/PHP9/ninegroup/yii/backend/web/index.php'
    'SERVER_ADMIN' => 'admin@phpStudy.net'
    'CONTEXT_DOCUMENT_ROOT' => 'F:/WWW'
    'CONTEXT_PREFIX' => ''
    'REQUEST_SCHEME' => 'http'
    'DOCUMENT_ROOT' => 'F:/WWW'
    'REMOTE_ADDR' => '127.0.0.1'
    'SERVER_PORT' => '80'
    'SERVER_ADDR' => '127.0.0.1'
    'SERVER_NAME' => 'www.ljh.com'
    'SERVER_SOFTWARE' => 'Apache/2.4.10 (Win32) OpenSSL/0.9.8zb mod_fcgid/2.3.9'
    'SERVER_SIGNATURE' => ''
    'SystemRoot' => 'C:\\WINDOWS'
    'HTTP_CONNECTION' => 'close'
    'HTTP_COOKIE' => 'CNZZDATA155540=cnzz_eid%3D1309522040-1463615638-%26ntime%3D1463707516; PHPSESSID=2b8d76v9ri44j5jbg746b93ie0; _csrf=303badef054a2b8ab98efaef50ac9afbb295be20bd1b38d23356a89f51380a9ca%3A2%3A%7Bi%3A0%3Bs%3A5%3A%22_csrf%22%3Bi%3A1%3Bs%3A32%3A%22kRLgVMVXR8_YupgyRJUTLNkJeHxRzIRK%22%3B%7D'
    'HTTP_ACCEPT_ENCODING' => 'gzip, deflate'
    'HTTP_ACCEPT_LANGUAGE' => 'zh-CN,zh;q=0.8,en-US;q=0.5,en;q=0.3'
    'HTTP_ACCEPT' => 'text/html,application/xhtml+xml,application/xml;q=0.9,*/*;q=0.8'
    'HTTP_USER_AGENT' => 'Mozilla/5.0 (Windows NT 6.3; WOW64; rv:46.0) Gecko/20100101 Firefox/46.0'
    'HTTP_HOST' => 'www.ljh.com'
    'FCGI_ROLE' => 'RESPONDER'
    'PHP_SELF' => '/htdocs/PHP9/ninegroup/yii/backend/web/index.php'
    'REQUEST_TIME_FLOAT' => 1463711916.7898
    'REQUEST_TIME' => 1463711916
]
2016-05-20 10:39:06 [127.0.0.1][-][-][error][yii\base\ErrorException:4] exception 'yii\base\ErrorException' with message 'syntax error, unexpected '·' (T_STRING), expecting ';' or '{'' in F:\WWW\htdocs\PHP9\ninegroup\yii\backend\controllers\LoginController.php:42
Stack trace:
#0 [internal function]: yii\base\ErrorHandler->handleFatalError()
#1 {main}
2016-05-20 10:39:06 [127.0.0.1][-][-][info][application] $_GET = [
    'r' => 'login'
]

$_COOKIE = [
    'CNZZDATA155540' => 'cnzz_eid=1309522040-1463615638-&ntime=1463707516'
    'PHPSESSID' => '2b8d76v9ri44j5jbg746b93ie0'
    '_csrf' => '303badef054a2b8ab98efaef50ac9afbb295be20bd1b38d23356a89f51380a9ca:2:{i:0;s:5:\"_csrf\";i:1;s:32:\"kRLgVMVXR8_YupgyRJUTLNkJeHxRzIRK\";}'
]

$_SERVER = [
    'PATH' => 'C:\\Program Files (x86)\\Intel\\iCLS Client\\;C:\\Program Files\\Intel\\iCLS Client\\;C:\\WINDOWS\\system32;C:\\WINDOWS;C:\\WINDOWS\\System32\\Wbem;C:\\WINDOWS\\System32\\WindowsPowerShell\\v1.0\\;C:\\Program Files\\Intel\\Intel(R) Management Engine Components\\DAL;C:\\Program Files (x86)\\Intel\\Intel(R) Management Engine Components\\DAL;C:\\Program Files\\Intel\\Intel(R) Management Engine Components\\IPT;C:\\Program Files (x86)\\Intel\\Intel(R) Management Engine Components\\IPT;C:\\Program Files (x86)\\ATI Technologies\\ATI.ACE\\Core-Static;C:\\Program Files (x86)\\Common Files\\lenovo\\easyplussdk\\bin;C:\\ProgramData\\Lenovo\\ReadyApps;E:\\TortoiseSVN\\bin;C:\\ProgramData\\ComposerSetup\\bin;E:\\tortoisegit\\bin;C:\\Users\\Star\\AppData\\Roaming\\Composer\\vendor\\bin\\php5.4n'
    'SYSTEMROOT' => 'C:\\WINDOWS'
    'COMSPEC' => 'C:\\WINDOWS\\system32\\cmd.exe'
    'PATHEXT' => '.COM;.EXE;.BAT;.CMD;.VBS;.VBE;.JS;.JSE;.WSF;.WSH;.MSC'
    'WINDIR' => 'C:\\WINDOWS'
    'PHP_FCGI_MAX_REQUESTS' => '1000'
    'PHPRC' => 'F:/phpStudy/php54n'
    '_FCGI_SHUTDOWN_EVENT_' => '2024'
    'SCRIPT_NAME' => '/htdocs/PHP9/ninegroup/yii/backend/web/index.php'
    'REQUEST_URI' => '/htdocs/PHP9/ninegroup/yii/backend/web/index.php?r=login'
    'QUERY_STRING' => 'r=login'
    'REQUEST_METHOD' => 'GET'
    'SERVER_PROTOCOL' => 'HTTP/1.1'
    'GATEWAY_INTERFACE' => 'CGI/1.1'
    'REMOTE_PORT' => '53982'
    'SCRIPT_FILENAME' => 'F:/WWW/htdocs/PHP9/ninegroup/yii/backend/web/index.php'
    'SERVER_ADMIN' => 'admin@phpStudy.net'
    'CONTEXT_DOCUMENT_ROOT' => 'F:/WWW'
    'CONTEXT_PREFIX' => ''
    'REQUEST_SCHEME' => 'http'
    'DOCUMENT_ROOT' => 'F:/WWW'
    'REMOTE_ADDR' => '127.0.0.1'
    'SERVER_PORT' => '80'
    'SERVER_ADDR' => '127.0.0.1'
    'SERVER_NAME' => 'www.ljh.com'
    'SERVER_SOFTWARE' => 'Apache/2.4.10 (Win32) OpenSSL/0.9.8zb mod_fcgid/2.3.9'
    'SERVER_SIGNATURE' => ''
    'SystemRoot' => 'C:\\WINDOWS'
    'HTTP_CONNECTION' => 'close'
    'HTTP_COOKIE' => 'CNZZDATA155540=cnzz_eid%3D1309522040-1463615638-%26ntime%3D1463707516; PHPSESSID=2b8d76v9ri44j5jbg746b93ie0; _csrf=303badef054a2b8ab98efaef50ac9afbb295be20bd1b38d23356a89f51380a9ca%3A2%3A%7Bi%3A0%3Bs%3A5%3A%22_csrf%22%3Bi%3A1%3Bs%3A32%3A%22kRLgVMVXR8_YupgyRJUTLNkJeHxRzIRK%22%3B%7D'
    'HTTP_ACCEPT_ENCODING' => 'gzip, deflate'
    'HTTP_ACCEPT_LANGUAGE' => 'zh-CN,zh;q=0.8,en-US;q=0.5,en;q=0.3'
    'HTTP_ACCEPT' => 'text/html,application/xhtml+xml,application/xml;q=0.9,*/*;q=0.8'
    'HTTP_USER_AGENT' => 'Mozilla/5.0 (Windows NT 6.3; WOW64; rv:46.0) Gecko/20100101 Firefox/46.0'
    'HTTP_HOST' => 'www.ljh.com'
    'FCGI_ROLE' => 'RESPONDER'
    'PHP_SELF' => '/htdocs/PHP9/ninegroup/yii/backend/web/index.php'
    'REQUEST_TIME_FLOAT' => 1463711946.187
    'REQUEST_TIME' => 1463711946
]
2016-05-20 11:50:13 [127.0.0.1][-][-][error][yii\base\ErrorException:4] exception 'yii\base\ErrorException' with message 'syntax error, unexpected 'javascript' (T_STRING)' in F:\WWW\htdocs\PHP9\ninegroup\yii\backend\views\login\tables.html:610
Stack trace:
#0 [internal function]: yii\base\ErrorHandler->handleFatalError()
#1 {main}
2016-05-20 11:50:13 [127.0.0.1][-][-][info][application] $_GET = [
    'r' => 'login/table'
]

$_COOKIE = [
    'CNZZDATA155540' => 'cnzz_eid=1309522040-1463615638-&ntime=1463713265'
    'PHPSESSID' => '2b8d76v9ri44j5jbg746b93ie0'
    '_csrf' => '303badef054a2b8ab98efaef50ac9afbb295be20bd1b38d23356a89f51380a9ca:2:{i:0;s:5:\"_csrf\";i:1;s:32:\"kRLgVMVXR8_YupgyRJUTLNkJeHxRzIRK\";}'
]

$_SERVER = [
    'PATH' => 'C:\\Program Files (x86)\\Intel\\iCLS Client\\;C:\\Program Files\\Intel\\iCLS Client\\;C:\\WINDOWS\\system32;C:\\WINDOWS;C:\\WINDOWS\\System32\\Wbem;C:\\WINDOWS\\System32\\WindowsPowerShell\\v1.0\\;C:\\Program Files\\Intel\\Intel(R) Management Engine Components\\DAL;C:\\Program Files (x86)\\Intel\\Intel(R) Management Engine Components\\DAL;C:\\Program Files\\Intel\\Intel(R) Management Engine Components\\IPT;C:\\Program Files (x86)\\Intel\\Intel(R) Management Engine Components\\IPT;C:\\Program Files (x86)\\ATI Technologies\\ATI.ACE\\Core-Static;C:\\Program Files (x86)\\Common Files\\lenovo\\easyplussdk\\bin;C:\\ProgramData\\Lenovo\\ReadyApps;E:\\TortoiseSVN\\bin;C:\\ProgramData\\ComposerSetup\\bin;E:\\tortoisegit\\bin;C:\\Users\\Star\\AppData\\Roaming\\Composer\\vendor\\bin\\php5.4n'
    'SYSTEMROOT' => 'C:\\WINDOWS'
    'COMSPEC' => 'C:\\WINDOWS\\system32\\cmd.exe'
    'PATHEXT' => '.COM;.EXE;.BAT;.CMD;.VBS;.VBE;.JS;.JSE;.WSF;.WSH;.MSC'
    'WINDIR' => 'C:\\WINDOWS'
    'PHP_FCGI_MAX_REQUESTS' => '1000'
    'PHPRC' => 'F:/phpStudy/php54n'
    '_FCGI_SHUTDOWN_EVENT_' => '2008'
    'SCRIPT_NAME' => '/htdocs/PHP9/ninegroup/yii/backend/web/index.php'
    'REQUEST_URI' => '/htdocs/PHP9/ninegroup/yii/backend/web/index.php?r=login/table'
    'QUERY_STRING' => 'r=login/table'
    'REQUEST_METHOD' => 'GET'
    'SERVER_PROTOCOL' => 'HTTP/1.1'
    'GATEWAY_INTERFACE' => 'CGI/1.1'
    'REMOTE_PORT' => '54805'
    'SCRIPT_FILENAME' => 'F:/WWW/htdocs/PHP9/ninegroup/yii/backend/web/index.php'
    'SERVER_ADMIN' => 'admin@phpStudy.net'
    'CONTEXT_DOCUMENT_ROOT' => 'F:/WWW'
    'CONTEXT_PREFIX' => ''
    'REQUEST_SCHEME' => 'http'
    'DOCUMENT_ROOT' => 'F:/WWW'
    'REMOTE_ADDR' => '127.0.0.1'
    'SERVER_PORT' => '80'
    'SERVER_ADDR' => '127.0.0.1'
    'SERVER_NAME' => 'www.ljh.com'
    'SERVER_SOFTWARE' => 'Apache/2.4.10 (Win32) OpenSSL/0.9.8zb mod_fcgid/2.3.9'
    'SERVER_SIGNATURE' => ''
    'SystemRoot' => 'C:\\WINDOWS'
    'HTTP_CONNECTION' => 'close'
    'HTTP_COOKIE' => 'CNZZDATA155540=cnzz_eid%3D1309522040-1463615638-%26ntime%3D1463713265; PHPSESSID=2b8d76v9ri44j5jbg746b93ie0; _csrf=303badef054a2b8ab98efaef50ac9afbb295be20bd1b38d23356a89f51380a9ca%3A2%3A%7Bi%3A0%3Bs%3A5%3A%22_csrf%22%3Bi%3A1%3Bs%3A32%3A%22kRLgVMVXR8_YupgyRJUTLNkJeHxRzIRK%22%3B%7D'
    'HTTP_ACCEPT_ENCODING' => 'gzip, deflate'
    'HTTP_ACCEPT_LANGUAGE' => 'zh-CN,zh;q=0.8,en-US;q=0.5,en;q=0.3'
    'HTTP_ACCEPT' => 'text/html,application/xhtml+xml,application/xml;q=0.9,*/*;q=0.8'
    'HTTP_USER_AGENT' => 'Mozilla/5.0 (Windows NT 6.3; WOW64; rv:46.0) Gecko/20100101 Firefox/46.0'
    'HTTP_HOST' => 'www.ljh.com'
    'FCGI_ROLE' => 'RESPONDER'
    'PHP_SELF' => '/htdocs/PHP9/ninegroup/yii/backend/web/index.php'
    'REQUEST_TIME_FLOAT' => 1463716213.0763
    'REQUEST_TIME' => 1463716213
]
2016-05-20 11:50:23 [127.0.0.1][-][-][error][yii\base\ErrorException:4] exception 'yii\base\ErrorException' with message 'syntax error, unexpected 'javascript' (T_STRING)' in F:\WWW\htdocs\PHP9\ninegroup\yii\backend\views\login\tables.html:610
Stack trace:
#0 [internal function]: yii\base\ErrorHandler->handleFatalError()
#1 {main}
2016-05-20 11:50:23 [127.0.0.1][-][-][info][application] $_GET = [
    'r' => 'login/table'
]

$_COOKIE = [
    'CNZZDATA155540' => 'cnzz_eid=1309522040-1463615638-&ntime=1463713265'
    'PHPSESSID' => '2b8d76v9ri44j5jbg746b93ie0'
    '_csrf' => '303badef054a2b8ab98efaef50ac9afbb295be20bd1b38d23356a89f51380a9ca:2:{i:0;s:5:\"_csrf\";i:1;s:32:\"kRLgVMVXR8_YupgyRJUTLNkJeHxRzIRK\";}'
]

$_SERVER = [
    'PATH' => 'C:\\Program Files (x86)\\Intel\\iCLS Client\\;C:\\Program Files\\Intel\\iCLS Client\\;C:\\WINDOWS\\system32;C:\\WINDOWS;C:\\WINDOWS\\System32\\Wbem;C:\\WINDOWS\\System32\\WindowsPowerShell\\v1.0\\;C:\\Program Files\\Intel\\Intel(R) Management Engine Components\\DAL;C:\\Program Files (x86)\\Intel\\Intel(R) Management Engine Components\\DAL;C:\\Program Files\\Intel\\Intel(R) Management Engine Components\\IPT;C:\\Program Files (x86)\\Intel\\Intel(R) Management Engine Components\\IPT;C:\\Program Files (x86)\\ATI Technologies\\ATI.ACE\\Core-Static;C:\\Program Files (x86)\\Common Files\\lenovo\\easyplussdk\\bin;C:\\ProgramData\\Lenovo\\ReadyApps;E:\\TortoiseSVN\\bin;C:\\ProgramData\\ComposerSetup\\bin;E:\\tortoisegit\\bin;C:\\Users\\Star\\AppData\\Roaming\\Composer\\vendor\\bin\\php5.4n'
    'SYSTEMROOT' => 'C:\\WINDOWS'
    'COMSPEC' => 'C:\\WINDOWS\\system32\\cmd.exe'
    'PATHEXT' => '.COM;.EXE;.BAT;.CMD;.VBS;.VBE;.JS;.JSE;.WSF;.WSH;.MSC'
    'WINDIR' => 'C:\\WINDOWS'
    'PHP_FCGI_MAX_REQUESTS' => '1000'
    'PHPRC' => 'F:/phpStudy/php54n'
    '_FCGI_SHUTDOWN_EVENT_' => '2008'
    'SCRIPT_NAME' => '/htdocs/PHP9/ninegroup/yii/backend/web/index.php'
    'REQUEST_URI' => '/htdocs/PHP9/ninegroup/yii/backend/web/index.php?r=login/table'
    'QUERY_STRING' => 'r=login/table'
    'REQUEST_METHOD' => 'GET'
    'SERVER_PROTOCOL' => 'HTTP/1.1'
    'GATEWAY_INTERFACE' => 'CGI/1.1'
    'REMOTE_PORT' => '54807'
    'SCRIPT_FILENAME' => 'F:/WWW/htdocs/PHP9/ninegroup/yii/backend/web/index.php'
    'SERVER_ADMIN' => 'admin@phpStudy.net'
    'CONTEXT_DOCUMENT_ROOT' => 'F:/WWW'
    'CONTEXT_PREFIX' => ''
    'REQUEST_SCHEME' => 'http'
    'DOCUMENT_ROOT' => 'F:/WWW'
    'REMOTE_ADDR' => '127.0.0.1'
    'SERVER_PORT' => '80'
    'SERVER_ADDR' => '127.0.0.1'
    'SERVER_NAME' => 'www.ljh.com'
    'SERVER_SOFTWARE' => 'Apache/2.4.10 (Win32) OpenSSL/0.9.8zb mod_fcgid/2.3.9'
    'SERVER_SIGNATURE' => ''
    'SystemRoot' => 'C:\\WINDOWS'
    'HTTP_CACHE_CONTROL' => 'max-age=0'
    'HTTP_CONNECTION' => 'close'
    'HTTP_COOKIE' => 'CNZZDATA155540=cnzz_eid%3D1309522040-1463615638-%26ntime%3D1463713265; PHPSESSID=2b8d76v9ri44j5jbg746b93ie0; _csrf=303badef054a2b8ab98efaef50ac9afbb295be20bd1b38d23356a89f51380a9ca%3A2%3A%7Bi%3A0%3Bs%3A5%3A%22_csrf%22%3Bi%3A1%3Bs%3A32%3A%22kRLgVMVXR8_YupgyRJUTLNkJeHxRzIRK%22%3B%7D'
    'HTTP_ACCEPT_ENCODING' => 'gzip, deflate'
    'HTTP_ACCEPT_LANGUAGE' => 'zh-CN,zh;q=0.8,en-US;q=0.5,en;q=0.3'
    'HTTP_ACCEPT' => 'text/html,application/xhtml+xml,application/xml;q=0.9,*/*;q=0.8'
    'HTTP_USER_AGENT' => 'Mozilla/5.0 (Windows NT 6.3; WOW64; rv:46.0) Gecko/20100101 Firefox/46.0'
    'HTTP_HOST' => 'www.ljh.com'
    'FCGI_ROLE' => 'RESPONDER'
    'PHP_SELF' => '/htdocs/PHP9/ninegroup/yii/backend/web/index.php'
    'REQUEST_TIME_FLOAT' => 1463716223.2694
    'REQUEST_TIME' => 1463716223
]
2016-05-20 12:04:45 [127.0.0.1][-][-][error][yii\base\ErrorException:1] exception 'yii\base\ErrorException' with message 'Class 'backend\controllers\User' not found' in F:\WWW\htdocs\PHP9\ninegroup\yii\backend\controllers\LoginController.php:45
Stack trace:
#0 [internal function]: yii\base\ErrorHandler->handleFatalError()
#1 {main}
2016-05-20 12:04:45 [127.0.0.1][-][-][info][application] $_GET = [
    'r' => 'login/table'
]

$_COOKIE = [
    'CNZZDATA155540' => 'cnzz_eid=1309522040-1463615638-&ntime=1463713265'
    'PHPSESSID' => '2b8d76v9ri44j5jbg746b93ie0'
    '_csrf' => '303badef054a2b8ab98efaef50ac9afbb295be20bd1b38d23356a89f51380a9ca:2:{i:0;s:5:\"_csrf\";i:1;s:32:\"kRLgVMVXR8_YupgyRJUTLNkJeHxRzIRK\";}'
]

$_SERVER = [
    'PATH' => 'C:\\Program Files (x86)\\Intel\\iCLS Client\\;C:\\Program Files\\Intel\\iCLS Client\\;C:\\WINDOWS\\system32;C:\\WINDOWS;C:\\WINDOWS\\System32\\Wbem;C:\\WINDOWS\\System32\\WindowsPowerShell\\v1.0\\;C:\\Program Files\\Intel\\Intel(R) Management Engine Components\\DAL;C:\\Program Files (x86)\\Intel\\Intel(R) Management Engine Components\\DAL;C:\\Program Files\\Intel\\Intel(R) Management Engine Components\\IPT;C:\\Program Files (x86)\\Intel\\Intel(R) Management Engine Components\\IPT;C:\\Program Files (x86)\\ATI Technologies\\ATI.ACE\\Core-Static;C:\\Program Files (x86)\\Common Files\\lenovo\\easyplussdk\\bin;C:\\ProgramData\\Lenovo\\ReadyApps;E:\\TortoiseSVN\\bin;C:\\ProgramData\\ComposerSetup\\bin;E:\\tortoisegit\\bin;C:\\Users\\Star\\AppData\\Roaming\\Composer\\vendor\\bin\\php5.4n'
    'SYSTEMROOT' => 'C:\\WINDOWS'
    'COMSPEC' => 'C:\\WINDOWS\\system32\\cmd.exe'
    'PATHEXT' => '.COM;.EXE;.BAT;.CMD;.VBS;.VBE;.JS;.JSE;.WSF;.WSH;.MSC'
    'WINDIR' => 'C:\\WINDOWS'
    'PHP_FCGI_MAX_REQUESTS' => '1000'
    'PHPRC' => 'F:/phpStudy/php54n'
    '_FCGI_SHUTDOWN_EVENT_' => '2188'
    'SCRIPT_NAME' => '/htdocs/PHP9/ninegroup/yii/backend/web/index.php'
    'REQUEST_URI' => '/htdocs/PHP9/ninegroup/yii/backend/web/index.php?r=login/table'
    'QUERY_STRING' => 'r=login/table'
    'REQUEST_METHOD' => 'GET'
    'SERVER_PROTOCOL' => 'HTTP/1.1'
    'GATEWAY_INTERFACE' => 'CGI/1.1'
    'REMOTE_PORT' => '55054'
    'SCRIPT_FILENAME' => 'F:/WWW/htdocs/PHP9/ninegroup/yii/backend/web/index.php'
    'SERVER_ADMIN' => 'admin@phpStudy.net'
    'CONTEXT_DOCUMENT_ROOT' => 'F:/WWW'
    'CONTEXT_PREFIX' => ''
    'REQUEST_SCHEME' => 'http'
    'DOCUMENT_ROOT' => 'F:/WWW'
    'REMOTE_ADDR' => '127.0.0.1'
    'SERVER_PORT' => '80'
    'SERVER_ADDR' => '127.0.0.1'
    'SERVER_NAME' => 'www.ljh.com'
    'SERVER_SOFTWARE' => 'Apache/2.4.10 (Win32) OpenSSL/0.9.8zb mod_fcgid/2.3.9'
    'SERVER_SIGNATURE' => ''
    'SystemRoot' => 'C:\\WINDOWS'
    'HTTP_CACHE_CONTROL' => 'max-age=0'
    'HTTP_CONNECTION' => 'close'
    'HTTP_COOKIE' => 'CNZZDATA155540=cnzz_eid%3D1309522040-1463615638-%26ntime%3D1463713265; PHPSESSID=2b8d76v9ri44j5jbg746b93ie0; _csrf=303badef054a2b8ab98efaef50ac9afbb295be20bd1b38d23356a89f51380a9ca%3A2%3A%7Bi%3A0%3Bs%3A5%3A%22_csrf%22%3Bi%3A1%3Bs%3A32%3A%22kRLgVMVXR8_YupgyRJUTLNkJeHxRzIRK%22%3B%7D'
    'HTTP_REFERER' => 'http://www.ljh.com/htdocs/PHP9/ninegroup/yii/backend/web/index.php?r=login/table'
    'HTTP_ACCEPT_ENCODING' => 'gzip, deflate'
    'HTTP_ACCEPT_LANGUAGE' => 'zh-CN,zh;q=0.8,en-US;q=0.5,en;q=0.3'
    'HTTP_ACCEPT' => 'text/html,application/xhtml+xml,application/xml;q=0.9,*/*;q=0.8'
    'HTTP_USER_AGENT' => 'Mozilla/5.0 (Windows NT 6.3; WOW64; rv:46.0) Gecko/20100101 Firefox/46.0'
    'HTTP_HOST' => 'www.ljh.com'
    'FCGI_ROLE' => 'RESPONDER'
    'PHP_SELF' => '/htdocs/PHP9/ninegroup/yii/backend/web/index.php'
    'REQUEST_TIME_FLOAT' => 1463717085.6796
    'REQUEST_TIME' => 1463717085
]
2016-05-20 13:58:39 [127.0.0.1][-][7bm3cl8ehba08q49sgg8bm94d4][error][yii\web\HttpException:404] exception 'yii\base\InvalidRouteException' with message 'Unable to resolve the request: login/tables' in F:\WWW\htdocs\PHP9\ninegroup\yii\vendor\yiisoft\yii2\base\Controller.php:122
Stack trace:
#0 F:\WWW\htdocs\PHP9\ninegroup\yii\vendor\yiisoft\yii2\base\Module.php(455): yii\base\Controller->runAction('tables', Array)
#1 F:\WWW\htdocs\PHP9\ninegroup\yii\vendor\yiisoft\yii2\web\Application.php(84): yii\base\Module->runAction('login/tables', Array)
#2 F:\WWW\htdocs\PHP9\ninegroup\yii\vendor\yiisoft\yii2\base\Application.php(375): yii\web\Application->handleRequest(Object(yii\web\Request))
#3 F:\WWW\htdocs\PHP9\ninegroup\yii\backend\web\index.php(18): yii\base\Application->run()
#4 {main}

Next exception 'yii\web\NotFoundHttpException' with message 'Page not found.' in F:\WWW\htdocs\PHP9\ninegroup\yii\vendor\yiisoft\yii2\web\Application.php:96
Stack trace:
#0 F:\WWW\htdocs\PHP9\ninegroup\yii\vendor\yiisoft\yii2\base\Application.php(375): yii\web\Application->handleRequest(Object(yii\web\Request))
#1 F:\WWW\htdocs\PHP9\ninegroup\yii\backend\web\index.php(18): yii\base\Application->run()
#2 {main}
2016-05-20 13:58:38 [127.0.0.1][-][7bm3cl8ehba08q49sgg8bm94d4][info][application] $_GET = [
    'r' => 'login/tables'
]

$_COOKIE = [
    'CNZZDATA155540' => 'cnzz_eid=1309522040-1463615638-&ntime=1463718675'
    'PHPSESSID' => '7bm3cl8ehba08q49sgg8bm94d4'
]

$_SESSION = [
    '__flash' => []
]

$_SERVER = [
    'PATH' => 'C:\\Program Files (x86)\\Intel\\iCLS Client\\;C:\\Program Files\\Intel\\iCLS Client\\;C:\\WINDOWS\\system32;C:\\WINDOWS;C:\\WINDOWS\\System32\\Wbem;C:\\WINDOWS\\System32\\WindowsPowerShell\\v1.0\\;C:\\Program Files\\Intel\\Intel(R) Management Engine Components\\DAL;C:\\Program Files (x86)\\Intel\\Intel(R) Management Engine Components\\DAL;C:\\Program Files\\Intel\\Intel(R) Management Engine Components\\IPT;C:\\Program Files (x86)\\Intel\\Intel(R) Management Engine Components\\IPT;C:\\Program Files (x86)\\ATI Technologies\\ATI.ACE\\Core-Static;C:\\Program Files (x86)\\Common Files\\lenovo\\easyplussdk\\bin;C:\\ProgramData\\Lenovo\\ReadyApps;E:\\TortoiseSVN\\bin;C:\\ProgramData\\ComposerSetup\\bin;E:\\tortoisegit\\bin;C:\\Users\\Star\\AppData\\Roaming\\Composer\\vendor\\bin\\php5.4n'
    'SYSTEMROOT' => 'C:\\WINDOWS'
    'COMSPEC' => 'C:\\WINDOWS\\system32\\cmd.exe'
    'PATHEXT' => '.COM;.EXE;.BAT;.CMD;.VBS;.VBE;.JS;.JSE;.WSF;.WSH;.MSC'
    'WINDIR' => 'C:\\WINDOWS'
    'PHP_FCGI_MAX_REQUESTS' => '1000'
    'PHPRC' => 'F:/phpStudy/php54n'
    '_FCGI_SHUTDOWN_EVENT_' => '2148'
    'SCRIPT_NAME' => '/htdocs/PHP9/ninegroup/yii/backend/web/index.php'
    'REQUEST_URI' => '/htdocs/PHP9/ninegroup/yii/backend/web/index.php?r=login/tables'
    'QUERY_STRING' => 'r=login/tables'
    'REQUEST_METHOD' => 'GET'
    'SERVER_PROTOCOL' => 'HTTP/1.1'
    'GATEWAY_INTERFACE' => 'CGI/1.1'
    'REMOTE_PORT' => '56682'
    'SCRIPT_FILENAME' => 'F:/WWW/htdocs/PHP9/ninegroup/yii/backend/web/index.php'
    'SERVER_ADMIN' => 'admin@phpStudy.net'
    'CONTEXT_DOCUMENT_ROOT' => 'F:/WWW'
    'CONTEXT_PREFIX' => ''
    'REQUEST_SCHEME' => 'http'
    'DOCUMENT_ROOT' => 'F:/WWW'
    'REMOTE_ADDR' => '127.0.0.1'
    'SERVER_PORT' => '80'
    'SERVER_ADDR' => '127.0.0.1'
    'SERVER_NAME' => 'www.ljh.com'
    'SERVER_SOFTWARE' => 'Apache/2.4.10 (Win32) OpenSSL/0.9.8zb mod_fcgid/2.3.9'
    'SERVER_SIGNATURE' => ''
    'SystemRoot' => 'C:\\WINDOWS'
    'HTTP_CONNECTION' => 'close'
    'HTTP_COOKIE' => 'CNZZDATA155540=cnzz_eid%3D1309522040-1463615638-%26ntime%3D1463718675; PHPSESSID=7bm3cl8ehba08q49sgg8bm94d4'
    'HTTP_ACCEPT_ENCODING' => 'gzip, deflate'
    'HTTP_ACCEPT_LANGUAGE' => 'zh-CN,zh;q=0.8,en-US;q=0.5,en;q=0.3'
    'HTTP_ACCEPT' => 'text/html,application/xhtml+xml,application/xml;q=0.9,*/*;q=0.8'
    'HTTP_USER_AGENT' => 'Mozilla/5.0 (Windows NT 6.3; WOW64; rv:46.0) Gecko/20100101 Firefox/46.0'
    'HTTP_HOST' => 'www.ljh.com'
    'FCGI_ROLE' => 'RESPONDER'
    'PHP_SELF' => '/htdocs/PHP9/ninegroup/yii/backend/web/index.php'
    'REQUEST_TIME_FLOAT' => 1463723918.9749
    'REQUEST_TIME' => 1463723918
]
2016-05-20 14:00:09 [127.0.0.1][-][-][error][yii\db\Exception] exception 'PDOException' with message 'SQLSTATE[42000]: Syntax error or access violation: 1064 You have an error in your SQL syntax; check the manual that corresponds to your MySQL server version for the right syntax to use near ''admin \'' at line 1' in F:\WWW\htdocs\PHP9\ninegroup\yii\vendor\yiisoft\yii2\db\Command.php:837
Stack trace:
#0 F:\WWW\htdocs\PHP9\ninegroup\yii\vendor\yiisoft\yii2\db\Command.php(837): PDOStatement->execute()
#1 F:\WWW\htdocs\PHP9\ninegroup\yii\vendor\yiisoft\yii2\db\Command.php(373): yii\db\Command->queryInternal('<span class="st...', '<span class="ke...')
#2 F:\WWW\htdocs\PHP9\ninegroup\yii\backend\controllers\LoginController.php(31): yii\db\Command->queryOne()
#3 [internal function]: backend\controllers\LoginController->actionInfo()
#4 F:\WWW\htdocs\PHP9\ninegroup\yii\vendor\yiisoft\yii2\base\InlineAction.php(55): call_user_func_array('[<span class="t...', '[]')
#5 F:\WWW\htdocs\PHP9\ninegroup\yii\vendor\yiisoft\yii2\base\Controller.php(151): yii\base\InlineAction->runWithParams('[<span class="s...')
#6 F:\WWW\htdocs\PHP9\ninegroup\yii\vendor\yiisoft\yii2\base\Module.php(455): yii\base\Controller->runAction('<span class="st...', '[<span class="s...')
#7 F:\WWW\htdocs\PHP9\ninegroup\yii\vendor\yiisoft\yii2\web\Application.php(84): yii\base\Module->runAction('<span class="st...', '[<span class="s...')
#8 F:\WWW\htdocs\PHP9\ninegroup\yii\vendor\yiisoft\yii2\base\Application.php(375): yii\web\Application->handleRequest(Object(yii\web\Request))
#9 F:\WWW\htdocs\PHP9\ninegroup\yii\backend\web\index.php(18): yii\base\Application->run()
#10 {main}

Next exception 'yii\db\Exception' with message 'SQLSTATE[42000]: Syntax error or access violation: 1064 You have an error in your SQL syntax; check the manual that corresponds to your MySQL server version for the right syntax to use near ''admin \'' at line 1
The SQL being executed was: select * from user_admin where u_name='admin \'' in F:\WWW\htdocs\PHP9\ninegroup\yii\vendor\yiisoft\yii2\db\Schema.php:628
Stack trace:
#0 F:\WWW\htdocs\PHP9\ninegroup\yii\vendor\yiisoft\yii2\db\Command.php(852): yii\db\Schema->convertException(Object(PDOException), 'select * from u...')
#1 F:\WWW\htdocs\PHP9\ninegroup\yii\vendor\yiisoft\yii2\db\Command.php(373): yii\db\Command->queryInternal('<span class="st...', '<span class="ke...')
#2 F:\WWW\htdocs\PHP9\ninegroup\yii\backend\controllers\LoginController.php(31): yii\db\Command->queryOne()
#3 [internal function]: backend\controllers\LoginController->actionInfo()
#4 F:\WWW\htdocs\PHP9\ninegroup\yii\vendor\yiisoft\yii2\base\InlineAction.php(55): call_user_func_array('[<span class="t...', '[]')
#5 F:\WWW\htdocs\PHP9\ninegroup\yii\vendor\yiisoft\yii2\base\Controller.php(151): yii\base\InlineAction->runWithParams('[<span class="s...')
#6 F:\WWW\htdocs\PHP9\ninegroup\yii\vendor\yiisoft\yii2\base\Module.php(455): yii\base\Controller->runAction('<span class="st...', '[<span class="s...')
#7 F:\WWW\htdocs\PHP9\ninegroup\yii\vendor\yiisoft\yii2\web\Application.php(84): yii\base\Module->runAction('<span class="st...', '[<span class="s...')
#8 F:\WWW\htdocs\PHP9\ninegroup\yii\vendor\yiisoft\yii2\base\Application.php(375): yii\web\Application->handleRequest(Object(yii\web\Request))
#9 F:\WWW\htdocs\PHP9\ninegroup\yii\backend\web\index.php(18): yii\base\Application->run()
#10 {main}
Additional Information:
Array
(
    [0] => 42000
    [1] => 1064
    [2] => You have an error in your SQL syntax; check the manual that corresponds to your MySQL server version for the right syntax to use near ''admin \'' at line 1
)

2016-05-20 14:00:09 [127.0.0.1][-][-][info][application] $_GET = [
    'r' => 'login/info'
]

$_POST = [
    'name' => 'admin \\'
    'pwd' => '123'
]

$_COOKIE = [
    'CNZZDATA155540' => 'cnzz_eid=1309522040-1463615638-&ntime=1463718675'
    'PHPSESSID' => '7bm3cl8ehba08q49sgg8bm94d4'
    '_csrf' => 'd2d85e7158d5cf20c3465f39a1ffc53467b2c21021d838a114ce4dd72885c1c0a:2:{i:0;s:5:\"_csrf\";i:1;s:32:\"0kU9LU5xjOV3v7bqxZa3E8qdZp0SHJVk\";}'
]

$_SERVER = [
    'PATH' => 'C:\\Program Files (x86)\\Intel\\iCLS Client\\;C:\\Program Files\\Intel\\iCLS Client\\;C:\\WINDOWS\\system32;C:\\WINDOWS;C:\\WINDOWS\\System32\\Wbem;C:\\WINDOWS\\System32\\WindowsPowerShell\\v1.0\\;C:\\Program Files\\Intel\\Intel(R) Management Engine Components\\DAL;C:\\Program Files (x86)\\Intel\\Intel(R) Management Engine Components\\DAL;C:\\Program Files\\Intel\\Intel(R) Management Engine Components\\IPT;C:\\Program Files (x86)\\Intel\\Intel(R) Management Engine Components\\IPT;C:\\Program Files (x86)\\ATI Technologies\\ATI.ACE\\Core-Static;C:\\Program Files (x86)\\Common Files\\lenovo\\easyplussdk\\bin;C:\\ProgramData\\Lenovo\\ReadyApps;E:\\TortoiseSVN\\bin;C:\\ProgramData\\ComposerSetup\\bin;E:\\tortoisegit\\bin;C:\\Users\\Star\\AppData\\Roaming\\Composer\\vendor\\bin\\php5.4n'
    'SYSTEMROOT' => 'C:\\WINDOWS'
    'COMSPEC' => 'C:\\WINDOWS\\system32\\cmd.exe'
    'PATHEXT' => '.COM;.EXE;.BAT;.CMD;.VBS;.VBE;.JS;.JSE;.WSF;.WSH;.MSC'
    'WINDIR' => 'C:\\WINDOWS'
    'PHP_FCGI_MAX_REQUESTS' => '1000'
    'PHPRC' => 'F:/phpStudy/php54n'
    '_FCGI_SHUTDOWN_EVENT_' => '2148'
    'SCRIPT_NAME' => '/htdocs/PHP9/ninegroup/yii/backend/web/index.php'
    'REQUEST_URI' => '/htdocs/PHP9/ninegroup/yii/backend/web/index.php?r=login/info'
    'QUERY_STRING' => 'r=login/info'
    'REQUEST_METHOD' => 'POST'
    'SERVER_PROTOCOL' => 'HTTP/1.1'
    'GATEWAY_INTERFACE' => 'CGI/1.1'
    'REMOTE_PORT' => '56711'
    'SCRIPT_FILENAME' => 'F:/WWW/htdocs/PHP9/ninegroup/yii/backend/web/index.php'
    'SERVER_ADMIN' => 'admin@phpStudy.net'
    'CONTEXT_DOCUMENT_ROOT' => 'F:/WWW'
    'CONTEXT_PREFIX' => ''
    'REQUEST_SCHEME' => 'http'
    'DOCUMENT_ROOT' => 'F:/WWW'
    'REMOTE_ADDR' => '127.0.0.1'
    'SERVER_PORT' => '80'
    'SERVER_ADDR' => '127.0.0.1'
    'SERVER_NAME' => 'www.ljh.com'
    'SERVER_SOFTWARE' => 'Apache/2.4.10 (Win32) OpenSSL/0.9.8zb mod_fcgid/2.3.9'
    'SERVER_SIGNATURE' => ''
    'SystemRoot' => 'C:\\WINDOWS'
    'CONTENT_LENGTH' => '22'
    'CONTENT_TYPE' => 'application/x-www-form-urlencoded'
    'HTTP_CONNECTION' => 'close'
    'HTTP_COOKIE' => 'CNZZDATA155540=cnzz_eid%3D1309522040-1463615638-%26ntime%3D1463718675; PHPSESSID=7bm3cl8ehba08q49sgg8bm94d4; _csrf=d2d85e7158d5cf20c3465f39a1ffc53467b2c21021d838a114ce4dd72885c1c0a%3A2%3A%7Bi%3A0%3Bs%3A5%3A%22_csrf%22%3Bi%3A1%3Bs%3A32%3A%220kU9LU5xjOV3v7bqxZa3E8qdZp0SHJVk%22%3B%7D'
    'HTTP_REFERER' => 'http://www.ljh.com/htdocs/PHP9/ninegroup/yii/backend/web/?r=login'
    'HTTP_ACCEPT_ENCODING' => 'gzip, deflate'
    'HTTP_ACCEPT_LANGUAGE' => 'zh-CN,zh;q=0.8,en-US;q=0.5,en;q=0.3'
    'HTTP_ACCEPT' => 'text/html,application/xhtml+xml,application/xml;q=0.9,*/*;q=0.8'
    'HTTP_USER_AGENT' => 'Mozilla/5.0 (Windows NT 6.3; WOW64; rv:46.0) Gecko/20100101 Firefox/46.0'
    'HTTP_HOST' => 'www.ljh.com'
    'FCGI_ROLE' => 'RESPONDER'
    'PHP_SELF' => '/htdocs/PHP9/ninegroup/yii/backend/web/index.php'
    'REQUEST_TIME_FLOAT' => 1463724009.4662
    'REQUEST_TIME' => 1463724009
]
2016-05-20 16:43:30 [127.0.0.1][-][sc54klrsouvaihdu6ks4aqo4g1][error][yii\base\ErrorException:8] exception 'yii\base\ErrorException' with message 'Undefined variable: name' in E:\WWW\ninegroups\admin\yii\backend\views\login\tables.html:284
Stack trace:
#0 E:\WWW\ninegroups\admin\yii\backend\views\login\tables.html(284): yii\base\ErrorHandler->handleError(8, 'Undefined varia...', 'E:\\WWW\\ninegrou...', 284, Array)
#1 E:\WWW\ninegroups\admin\yii\vendor\yiisoft\yii2\base\View.php(325): require('E:\\WWW\\ninegrou...')
#2 E:\WWW\ninegroups\admin\yii\vendor\yiisoft\yii2\base\View.php(247): yii\base\View->renderPhpFile('E:\\WWW\\ninegrou...', Array)
#3 E:\WWW\ninegroups\admin\yii\vendor\yiisoft\yii2\base\View.php(149): yii\base\View->renderFile('E:\\WWW\\ninegrou...', Array, Object(backend\controllers\LoginController))
#4 E:\WWW\ninegroups\admin\yii\vendor\yiisoft\yii2\base\Controller.php(402): yii\base\View->render('tables.html', Array, Object(backend\controllers\LoginController))
#5 E:\WWW\ninegroups\admin\yii\backend\controllers\LoginController.php(101): yii\base\Controller->renderPartial('tables.html', Array, Array)
#6 [internal function]: backend\controllers\LoginController->actionTable()
#7 E:\WWW\ninegroups\admin\yii\vendor\yiisoft\yii2\base\InlineAction.php(55): call_user_func_array(Array, Array)
#8 E:\WWW\ninegroups\admin\yii\vendor\yiisoft\yii2\base\Controller.php(151): yii\base\InlineAction->runWithParams(Array)
#9 E:\WWW\ninegroups\admin\yii\vendor\yiisoft\yii2\base\Module.php(455): yii\base\Controller->runAction('table', Array)
#10 E:\WWW\ninegroups\admin\yii\vendor\yiisoft\yii2\web\Application.php(84): yii\base\Module->runAction('login/table', Array)
#11 E:\WWW\ninegroups\admin\yii\vendor\yiisoft\yii2\base\Application.php(375): yii\web\Application->handleRequest(Object(yii\web\Request))
#12 E:\WWW\ninegroups\admin\yii\backend\web\index.php(18): yii\base\Application->run()
#13 {main}
2016-05-20 16:43:30 [127.0.0.1][-][sc54klrsouvaihdu6ks4aqo4g1][info][application] $_GET = [
    'r' => 'login/table'
]

$_COOKIE = [
    '_ga' => 'GA1.1.1531312854.1463643536'
    'CNZZDATA155540' => 'cnzz_eid=1105344001-1463707516-&ntime=1463729129'
    'PHPSESSID' => 'sc54klrsouvaihdu6ks4aqo4g1'
    '_csrf' => '6cdee2dcee7c4cfb64c014d6f42d554b07de088191a940d756b4823d711b4028a:2:{i:0;s:5:\"_csrf\";i:1;s:32:\"gdxBlaf_uDV1__S3n9oxixe-TlD2q0l9\";}'
]

$_SESSION = [
    '__flash' => [
        'success' => -1
    ]
    '__returnUrl' => '/ninegroups/admin/yii/backend/web/'
    'success' => '登陆成功'
    'name' => 'admin'
    'pwd' => '123'
]

$_SERVER = [
    'PATH' => 'C:\\Windows\\system32;C:\\Windows;C:\\Windows\\System32\\Wbem;C:\\Windows\\System32\\WindowsPowerShell\\v1.0\\;C:\\Program Files (x86)\\NVIDIA Corporation\\PhysX\\Common;C:\\ProgramData\\ComposerSetup\\bin;E:\\phpStudy\\php55n;D:\\Program Files\\TortoiseGit\\bin;'
    'SYSTEMROOT' => 'C:\\Windows'
    'COMSPEC' => 'C:\\Windows\\system32\\cmd.exe'
    'PATHEXT' => '.COM;.EXE;.BAT;.CMD;.VBS;.VBE;.JS;.JSE;.WSF;.WSH;.MSC'
    'WINDIR' => 'C:\\Windows'
    'PHP_FCGI_MAX_REQUESTS' => '1000'
    'PHPRC' => 'E:/phpStudy/php55n'
    '_FCGI_SHUTDOWN_EVENT_' => '1868'
    'SCRIPT_NAME' => '/ninegroups/admin/yii/backend/web/index.php'
    'REQUEST_URI' => '/ninegroups/admin/yii/backend/web/index.php?r=login/table'
    'QUERY_STRING' => 'r=login/table'
    'REQUEST_METHOD' => 'GET'
    'SERVER_PROTOCOL' => 'HTTP/1.1'
    'GATEWAY_INTERFACE' => 'CGI/1.1'
    'REMOTE_PORT' => '63575'
    'SCRIPT_FILENAME' => 'E:/WWW/ninegroups/admin/yii/backend/web/index.php'
    'SERVER_ADMIN' => 'admin@phpStudy.net'
    'CONTEXT_DOCUMENT_ROOT' => 'E:/WWW'
    'CONTEXT_PREFIX' => ''
    'REQUEST_SCHEME' => 'http'
    'DOCUMENT_ROOT' => 'E:/WWW'
    'REMOTE_ADDR' => '127.0.0.1'
    'SERVER_PORT' => '80'
    'SERVER_ADDR' => '127.0.0.1'
    'SERVER_NAME' => 'localhost'
    'SERVER_SOFTWARE' => 'Apache/2.4.10 (Win32) OpenSSL/1.0.1i mod_fcgid/2.3.9'
    'SERVER_SIGNATURE' => ''
    'SystemRoot' => 'C:\\Windows'
    'HTTP_CACHE_CONTROL' => 'max-age=0'
    'HTTP_CONNECTION' => 'close'
    'HTTP_COOKIE' => '_ga=GA1.1.1531312854.1463643536; CNZZDATA155540=cnzz_eid%3D1105344001-1463707516-%26ntime%3D1463729129; PHPSESSID=sc54klrsouvaihdu6ks4aqo4g1; _csrf=6cdee2dcee7c4cfb64c014d6f42d554b07de088191a940d756b4823d711b4028a%3A2%3A%7Bi%3A0%3Bs%3A5%3A%22_csrf%22%3Bi%3A1%3Bs%3A32%3A%22gdxBlaf_uDV1__S3n9oxixe-TlD2q0l9%22%3B%7D'
    'HTTP_ACCEPT_ENCODING' => 'gzip, deflate'
    'HTTP_ACCEPT_LANGUAGE' => 'zh-cn,zh;q=0.8,en-us;q=0.5,en;q=0.3'
    'HTTP_ACCEPT' => 'text/html,application/xhtml+xml,application/xml;q=0.9,*/*;q=0.8'
    'HTTP_USER_AGENT' => 'Mozilla/5.0 (Windows NT 6.1; WOW64; rv:31.0) Gecko/20100101 Firefox/31.0'
    'HTTP_HOST' => 'localhost'
    'FCGI_ROLE' => 'RESPONDER'
    'PHP_SELF' => '/ninegroups/admin/yii/backend/web/index.php'
    'REQUEST_TIME_FLOAT' => 1463733810.0885
    'REQUEST_TIME' => 1463733810
]
2016-05-20 16:43:30 [127.0.0.1][-][sc54klrsouvaihdu6ks4aqo4g1][warning][yii\log\Dispatcher::dispatch] Unable to send log via yii\debug\LogTarget: Exception 'PDOException' with message 'You cannot serialize or unserialize PDO instances' 

in E:\WWW\ninegroups\admin\yii\vendor\yiisoft\yii2-debug\LogTarget.php:58

Stack trace:
#0 [internal function]: PDO->__sleep()
#1 E:\WWW\ninegroups\admin\yii\vendor\yiisoft\yii2-debug\LogTarget.php(58): serialize(Array)
#2 E:\WWW\ninegroups\admin\yii\vendor\yiisoft\yii2-debug\LogTarget.php(112): yii\debug\LogTarget->export(Array)
#3 E:\WWW\ninegroups\admin\yii\vendor\yiisoft\yii2\log\Dispatcher.php(183): yii\debug\LogTarget->collect(Array, true)
#4 E:\WWW\ninegroups\admin\yii\vendor\yiisoft\yii2\log\Logger.php(173): yii\log\Dispatcher->dispatch(Array, true)
#5 E:\WWW\ninegroups\admin\yii\vendor\yiisoft\yii2\base\ErrorHandler.php(111): yii\log\Logger->flush(true)
#6 [internal function]: yii\base\ErrorHandler->handleException(Object(yii\base\ErrorException))
#7 {main}
2016-05-20 16:43:30 [127.0.0.1][-][sc54klrsouvaihdu6ks4aqo4g1][info][application] $_GET = [
    'r' => 'login/table'
]

$_COOKIE = [
    '_ga' => 'GA1.1.1531312854.1463643536'
    'CNZZDATA155540' => 'cnzz_eid=1105344001-1463707516-&ntime=1463729129'
    'PHPSESSID' => 'sc54klrsouvaihdu6ks4aqo4g1'
    '_csrf' => '6cdee2dcee7c4cfb64c014d6f42d554b07de088191a940d756b4823d711b4028a:2:{i:0;s:5:\"_csrf\";i:1;s:32:\"gdxBlaf_uDV1__S3n9oxixe-TlD2q0l9\";}'
]

$_SESSION = [
    '__flash' => [
        'success' => -1
    ]
    '__returnUrl' => '/ninegroups/admin/yii/backend/web/'
    'success' => '登陆成功'
    'name' => 'admin'
    'pwd' => '123'
]

$_SERVER = [
    'PATH' => 'C:\\Windows\\system32;C:\\Windows;C:\\Windows\\System32\\Wbem;C:\\Windows\\System32\\WindowsPowerShell\\v1.0\\;C:\\Program Files (x86)\\NVIDIA Corporation\\PhysX\\Common;C:\\ProgramData\\ComposerSetup\\bin;E:\\phpStudy\\php55n;D:\\Program Files\\TortoiseGit\\bin;'
    'SYSTEMROOT' => 'C:\\Windows'
    'COMSPEC' => 'C:\\Windows\\system32\\cmd.exe'
    'PATHEXT' => '.COM;.EXE;.BAT;.CMD;.VBS;.VBE;.JS;.JSE;.WSF;.WSH;.MSC'
    'WINDIR' => 'C:\\Windows'
    'PHP_FCGI_MAX_REQUESTS' => '1000'
    'PHPRC' => 'E:/phpStudy/php55n'
    '_FCGI_SHUTDOWN_EVENT_' => '1868'
    'SCRIPT_NAME' => '/ninegroups/admin/yii/backend/web/index.php'
    'REQUEST_URI' => '/ninegroups/admin/yii/backend/web/index.php?r=login/table'
    'QUERY_STRING' => 'r=login/table'
    'REQUEST_METHOD' => 'GET'
    'SERVER_PROTOCOL' => 'HTTP/1.1'
    'GATEWAY_INTERFACE' => 'CGI/1.1'
    'REMOTE_PORT' => '63575'
    'SCRIPT_FILENAME' => 'E:/WWW/ninegroups/admin/yii/backend/web/index.php'
    'SERVER_ADMIN' => 'admin@phpStudy.net'
    'CONTEXT_DOCUMENT_ROOT' => 'E:/WWW'
    'CONTEXT_PREFIX' => ''
    'REQUEST_SCHEME' => 'http'
    'DOCUMENT_ROOT' => 'E:/WWW'
    'REMOTE_ADDR' => '127.0.0.1'
    'SERVER_PORT' => '80'
    'SERVER_ADDR' => '127.0.0.1'
    'SERVER_NAME' => 'localhost'
    'SERVER_SOFTWARE' => 'Apache/2.4.10 (Win32) OpenSSL/1.0.1i mod_fcgid/2.3.9'
    'SERVER_SIGNATURE' => ''
    'SystemRoot' => 'C:\\Windows'
    'HTTP_CACHE_CONTROL' => 'max-age=0'
    'HTTP_CONNECTION' => 'close'
    'HTTP_COOKIE' => '_ga=GA1.1.1531312854.1463643536; CNZZDATA155540=cnzz_eid%3D1105344001-1463707516-%26ntime%3D1463729129; PHPSESSID=sc54klrsouvaihdu6ks4aqo4g1; _csrf=6cdee2dcee7c4cfb64c014d6f42d554b07de088191a940d756b4823d711b4028a%3A2%3A%7Bi%3A0%3Bs%3A5%3A%22_csrf%22%3Bi%3A1%3Bs%3A32%3A%22gdxBlaf_uDV1__S3n9oxixe-TlD2q0l9%22%3B%7D'
    'HTTP_ACCEPT_ENCODING' => 'gzip, deflate'
    'HTTP_ACCEPT_LANGUAGE' => 'zh-cn,zh;q=0.8,en-us;q=0.5,en;q=0.3'
    'HTTP_ACCEPT' => 'text/html,application/xhtml+xml,application/xml;q=0.9,*/*;q=0.8'
    'HTTP_USER_AGENT' => 'Mozilla/5.0 (Windows NT 6.1; WOW64; rv:31.0) Gecko/20100101 Firefox/31.0'
    'HTTP_HOST' => 'localhost'
    'FCGI_ROLE' => 'RESPONDER'
    'PHP_SELF' => '/ninegroups/admin/yii/backend/web/index.php'
    'REQUEST_TIME_FLOAT' => 1463733810.0885
    'REQUEST_TIME' => 1463733810
]
